#
# There is insufficient memory for the Java Runtime Environment to continue.
# Native memory allocation (malloc) failed to allocate 535216 bytes. Error detail: Chunk::new
# Possible reasons:
#   The system is out of physical RAM or swap space
#   This process is running with CompressedOops enabled, and the Java Heap may be blocking the growth of the native heap
# Possible solutions:
#   Reduce memory load on the system
#   Increase physical memory or swap space
#   Check if swap backing store is full
#   Decrease Java heap size (-Xmx/-Xms)
#   Decrease number of Java threads
#   Decrease Java thread stack sizes (-Xss)
#   Set larger code cache with -XX:ReservedCodeCacheSize=
#   JVM is running with Unscaled Compressed Oops mode in which the Java heap is
#     placed in the first 4GB address space. The Java Heap base address is the
#     maximum limit for the native heap growth. Please use -XX:HeapBaseMinAddress
#     to set the Java Heap base and to place the Java Heap above 4GB virtual address.
# This output file may be truncated or incomplete.
#
#  Out of Memory Error (arena.cpp:168), pid=20128, tid=6340
#
# JRE version: OpenJDK Runtime Environment Temurin-21.0.8+9 (21.0.8+9) (build 21.0.8+9-LTS)
# Java VM: OpenJDK 64-Bit Server VM Temurin-21.0.8+9 (21.0.8+9-LTS, mixed mode, sharing, tiered, compressed oops, compressed class ptrs, parallel gc, windows-amd64)
# No core dump will be written. Minidumps are not enabled by default on client versions of Windows
#

---------------  S U M M A R Y ------------

Command Line: --add-modules=ALL-SYSTEM --add-opens=java.base/java.util=ALL-UNNAMED --add-opens=java.base/java.lang=ALL-UNNAMED --add-opens=java.base/sun.nio.fs=ALL-UNNAMED -Declipse.application=org.eclipse.jdt.ls.core.id1 -Dosgi.bundles.defaultStartLevel=4 -Declipse.product=org.eclipse.jdt.ls.core.product -Djava.import.generatesMetadataFilesAtProjectRoot=false -DDetectVMInstallationsJob.disabled=true -Dfile.encoding=utf8 -XX:+UseParallelGC -XX:GCTimeRatio=4 -XX:AdaptiveSizePolicyWeight=90 -Dsun.zip.disableMemoryMapping=true -Xmx2G -Xms100m -Xlog:disable -javaagent:c:\Users\porwa\.trae\extensions\redhat.java-1.44.0-win32-x64\lombok\lombok-1.18.39-4050.jar c:\Users\porwa\.trae\extensions\redhat.java-1.44.0-win32-x64\server\plugins\org.eclipse.equinox.launcher_1.7.0.v20250519-0528.jar -configuration c:\Users\porwa\AppData\Roaming\Trae\User\globalStorage\redhat.java\1.44.0\config_ss_win -data c:\Users\porwa\AppData\Roaming\Trae\User\workspaceStorage\ee174103a5fc5f85625237d716dd6659\redhat.java\ss_ws --pipe=\\.\pipe\lsp-d9d12c3f4f81d759228e09be764691c0-sock

Host: 12th Gen Intel(R) Core(TM) i5-1235U, 12 cores, 15G,  Windows 11 , 64 bit Build 26100 (10.0.26100.5074)
Time: Tue Sep  2 00:34:39 2025 India Standard Time elapsed time: 4.783091 seconds (0d 0h 0m 4s)

---------------  T H R E A D  ---------------

Current thread (0x0000022a459fdf10):  JavaThread "C2 CompilerThread0" daemon [_thread_in_native, id=6340, stack(0x000000ec9ac00000,0x000000ec9ad00000) (1024K)]


Current CompileTask:
C2:4783 1303       4       java.io.DataInputStream::readUTF (501 bytes)

Stack: [0x000000ec9ac00000,0x000000ec9ad00000]
Native frames: (J=compiled Java code, j=interpreted, Vv=VM code, C=native code)
V  [jvm.dll+0x6d2449]
V  [jvm.dll+0x8ae341]
V  [jvm.dll+0x8b08be]
V  [jvm.dll+0x8b0fa3]
V  [jvm.dll+0x280c96]
V  [jvm.dll+0xc581d]
V  [jvm.dll+0xc5d53]
V  [jvm.dll+0x3b9162]
V  [jvm.dll+0x1e1409]
V  [jvm.dll+0x249022]
V  [jvm.dll+0x2484af]
V  [jvm.dll+0x1c89ee]
V  [jvm.dll+0x257d4d]
V  [jvm.dll+0x2562ea]
V  [jvm.dll+0x3f2d16]
V  [jvm.dll+0x857e6b]
V  [jvm.dll+0x6d0b0d]
C  [ucrtbase.dll+0x37b0]
C  [KERNEL32.DLL+0x2e8d7]
C  [ntdll.dll+0x8d9c]


---------------  P R O C E S S  ---------------

Threads class SMR info:
_java_thread_list=0x0000022a5e968670, length=13, elements={
0x0000022a4594ebc0, 0x0000022a458fd710, 0x0000022a458fe870, 0x0000022a459f4b60,
0x0000022a459f76c0, 0x0000022a459f8110, 0x0000022a459fa0c0, 0x0000022a459fdf10,
0x0000022a45a0b520, 0x0000022a459bb500, 0x0000022a5d9872c0, 0x0000022a5ed32270,
0x0000022a5ed32910
}

Java Threads: ( => current thread )
  0x0000022a4594ebc0 JavaThread "main"                              [_thread_in_native, id=7288, stack(0x000000ec9a200000,0x000000ec9a300000) (1024K)]
  0x0000022a458fd710 JavaThread "Reference Handler"          daemon [_thread_blocked, id=18884, stack(0x000000ec9a600000,0x000000ec9a700000) (1024K)]
  0x0000022a458fe870 JavaThread "Finalizer"                  daemon [_thread_blocked, id=1484, stack(0x000000ec9a700000,0x000000ec9a800000) (1024K)]
  0x0000022a459f4b60 JavaThread "Signal Dispatcher"          daemon [_thread_blocked, id=13164, stack(0x000000ec9a800000,0x000000ec9a900000) (1024K)]
  0x0000022a459f76c0 JavaThread "Attach Listener"            daemon [_thread_blocked, id=13092, stack(0x000000ec9a900000,0x000000ec9aa00000) (1024K)]
  0x0000022a459f8110 JavaThread "Service Thread"             daemon [_thread_blocked, id=22636, stack(0x000000ec9aa00000,0x000000ec9ab00000) (1024K)]
  0x0000022a459fa0c0 JavaThread "Monitor Deflation Thread"   daemon [_thread_blocked, id=23212, stack(0x000000ec9ab00000,0x000000ec9ac00000) (1024K)]
=>0x0000022a459fdf10 JavaThread "C2 CompilerThread0"         daemon [_thread_in_native, id=6340, stack(0x000000ec9ac00000,0x000000ec9ad00000) (1024K)]
  0x0000022a45a0b520 JavaThread "C1 CompilerThread0"         daemon [_thread_blocked, id=24480, stack(0x000000ec9ad00000,0x000000ec9ae00000) (1024K)]
  0x0000022a459bb500 JavaThread "Common-Cleaner"             daemon [_thread_blocked, id=15436, stack(0x000000ec9ae00000,0x000000ec9af00000) (1024K)]
  0x0000022a5d9872c0 JavaThread "Notification Thread"        daemon [_thread_blocked, id=22936, stack(0x000000ec9af00000,0x000000ec9b000000) (1024K)]
  0x0000022a5ed32270 JavaThread "C2 CompilerThread1"         daemon [_thread_blocked, id=22972, stack(0x000000ec9b000000,0x000000ec9b100000) (1024K)]
  0x0000022a5ed32910 JavaThread "C2 CompilerThread2"         daemon [_thread_in_native, id=4232, stack(0x000000ec9b700000,0x000000ec9b800000) (1024K)]
Total: 13

Other Threads:
  0x0000022a458e43d0 VMThread "VM Thread"                           [id=23648, stack(0x000000ec9a500000,0x000000ec9a600000) (1024K)]
  0x0000022a457dca00 WatcherThread "VM Periodic Task Thread"        [id=22576, stack(0x000000ec9a400000,0x000000ec9a500000) (1024K)]
  0x0000022a4596e1b0 WorkerThread "GC Thread#0"                     [id=23544, stack(0x000000ec9a300000,0x000000ec9a400000) (1024K)]
  0x0000022a5e708d20 WorkerThread "GC Thread#1"                     [id=23808, stack(0x000000ec9b100000,0x000000ec9b200000) (1024K)]
  0x0000022a5ebbeaf0 WorkerThread "GC Thread#2"                     [id=17636, stack(0x000000ec9b200000,0x000000ec9b300000) (1024K)]
  0x0000022a5ebbee90 WorkerThread "GC Thread#3"                     [id=22464, stack(0x000000ec9b300000,0x000000ec9b400000) (1024K)]
  0x0000022a5ebcfd40 WorkerThread "GC Thread#4"                     [id=21928, stack(0x000000ec9b400000,0x000000ec9b500000) (1024K)]
  0x0000022a5ebd00e0 WorkerThread "GC Thread#5"                     [id=22900, stack(0x000000ec9b500000,0x000000ec9b600000) (1024K)]
  0x0000022a5ebd0480 WorkerThread "GC Thread#6"                     [id=13712, stack(0x000000ec9b600000,0x000000ec9b700000) (1024K)]
Total: 9

Threads with active compile tasks:
C2 CompilerThread0  4853 1303       4       java.io.DataInputStream::readUTF (501 bytes)
C2 CompilerThread2  4853 1373       4       jdk.internal.jimage.ImageLocation::verify (218 bytes)
Total: 2

VM state: not at safepoint (normal execution)

VM Mutex/Monitor currently owned by a thread: None

Heap address: 0x0000000080000000, size: 2048 MB, Compressed Oops mode: 32-bit

CDS archive(s) mapped at: [0x0000022a00000000-0x0000022a00ba0000-0x0000022a00ba0000), size 12189696, SharedBaseAddress: 0x0000022a00000000, ArchiveRelocationMode: 1.
Compressed class space mapped at: 0x0000022a01000000-0x0000022a41000000, reserved size: 1073741824
Narrow klass base: 0x0000022a00000000, Narrow klass shift: 0, Narrow klass range: 0x100000000

GC Precious Log:
 CardTable entry size: 512
 CPUs: 12 total, 12 available
 Memory: 16128M
 Large Page Support: Disabled
 NUMA Support: Disabled
 Compressed Oops: Enabled (32-bit)
 Alignments: Space 512K, Generation 512K, Heap 2M
 Heap Min Capacity: 100M
 Heap Initial Capacity: 100M
 Heap Max Capacity: 2G
 Pre-touch: Disabled
 Parallel Workers: 10

Heap:
 PSYoungGen      total 29696K, used 13920K [0x00000000d5580000, 0x00000000d7680000, 0x0000000100000000)
  eden space 25600K, 41% used [0x00000000d5580000,0x00000000d5fd6518,0x00000000d6e80000)
  from space 4096K, 81% used [0x00000000d6e80000,0x00000000d71c1bb8,0x00000000d7280000)
  to   space 4096K, 0% used [0x00000000d7280000,0x00000000d7280000,0x00000000d7680000)
 ParOldGen       total 68608K, used 8K [0x0000000080000000, 0x0000000084300000, 0x00000000d5580000)
  object space 68608K, 0% used [0x0000000080000000,0x0000000080002000,0x0000000084300000)
 Metaspace       used 6210K, committed 6464K, reserved 1114112K
  class space    used 633K, committed 768K, reserved 1048576K

Card table byte_map: [0x0000022a452f0000,0x0000022a45700000] _byte_map_base: 0x0000022a44ef0000

Marking Bits: (ParMarkBitMap*) 0x00007ffa2846a340
 Begin Bits: [0x0000022a57df0000, 0x0000022a59df0000)
 End Bits:   [0x0000022a59df0000, 0x0000022a5bdf0000)

Polling page: 0x0000022a43760000

Metaspace:

Usage:
  Non-class:      5.45 MB used.
      Class:    633.91 KB used.
       Both:      6.07 MB used.

Virtual space:
  Non-class space:       64.00 MB reserved,       5.56 MB (  9%) committed,  1 nodes.
      Class space:        1.00 GB reserved,     768.00 KB ( <1%) committed,  1 nodes.
             Both:        1.06 GB reserved,       6.31 MB ( <1%) committed. 

Chunk freelists:
   Non-Class:  9.89 MB
       Class:  15.06 MB
        Both:  24.95 MB

MaxMetaspaceSize: unlimited
CompressedClassSpaceSize: 1.00 GB
Initial GC threshold: 21.00 MB
Current GC threshold: 21.00 MB
CDS: on
 - commit_granule_bytes: 65536.
 - commit_granule_words: 8192.
 - virtual_space_node_default_size: 8388608.
 - enlarge_chunks_in_place: 1.
 - use_allocation_guard: 0.


Internal statistics:

num_allocs_failed_limit: 0.
num_arena_births: 190.
num_arena_deaths: 0.
num_vsnodes_births: 2.
num_vsnodes_deaths: 0.
num_space_committed: 101.
num_space_uncommitted: 0.
num_chunks_returned_to_freelist: 0.
num_chunks_taken_from_freelist: 318.
num_chunk_merges: 0.
num_chunk_splits: 204.
num_chunks_enlarged: 133.
num_inconsistent_stats: 0.

CodeHeap 'non-profiled nmethods': size=120000Kb used=556Kb max_used=556Kb free=119443Kb
 bounds [0x0000022a50610000, 0x0000022a50880000, 0x0000022a57b40000]
CodeHeap 'profiled nmethods': size=120000Kb used=2330Kb max_used=2330Kb free=117669Kb
 bounds [0x0000022a48b40000, 0x0000022a48db0000, 0x0000022a50070000]
CodeHeap 'non-nmethods': size=5760Kb used=1206Kb max_used=1225Kb free=4553Kb
 bounds [0x0000022a50070000, 0x0000022a502e0000, 0x0000022a50610000]
CodeCache: size=245760Kb, used=4092Kb, max_used=4111Kb, free=241665Kb
 total_blobs=1844, nmethods=1373, adapters=378, full_count=0
Compilation: enabled, stopped_count=0, restarted_count=0

Compilation events (20 events):
Event: 4.736 Thread 0x0000022a45a0b520 nmethod 1355 0x0000022a50699690 code [0x0000022a50699820, 0x0000022a506998e8]
Event: 4.750 Thread 0x0000022a45a0b520 1356       3       java.io.File::isDirectory (34 bytes)
Event: 4.751 Thread 0x0000022a45a0b520 nmethod 1356 0x0000022a48d80310 code [0x0000022a48d80500, 0x0000022a48d80908]
Event: 4.751 Thread 0x0000022a45a0b520 1357       1       java.net.JarURLConnection::getEntryName (5 bytes)
Event: 4.751 Thread 0x0000022a45a0b520 nmethod 1357 0x0000022a50699990 code [0x0000022a50699b20, 0x0000022a50699be8]
Event: 4.760 Thread 0x0000022a5ed32910 1358       4       java.lang.String::isEmpty (14 bytes)
Event: 4.761 Thread 0x0000022a5ed32910 nmethod 1358 0x0000022a50699c90 code [0x0000022a50699e20, 0x0000022a50699ec8]
Event: 4.771 Thread 0x0000022a45a0b520 1359       3       org.lombokweb.asm.ClassReader::readUnsignedShort (26 bytes)
Event: 4.771 Thread 0x0000022a45a0b520 nmethod 1359 0x0000022a48d80a90 code [0x0000022a48d80c40, 0x0000022a48d80db0]
Event: 4.772 Thread 0x0000022a45a0b520 1360       3       org.lombokweb.asm.ClassReader::readUtf (44 bytes)
Event: 4.773 Thread 0x0000022a45a0b520 nmethod 1360 0x0000022a48d80e90 code [0x0000022a48d81060, 0x0000022a48d81428]
Event: 4.773 Thread 0x0000022a45a0b520 1361       3       org.lombokweb.asm.ClassReader::readUtf (161 bytes)
Event: 4.774 Thread 0x0000022a45a0b520 nmethod 1361 0x0000022a48d81610 code [0x0000022a48d81800, 0x0000022a48d81c50]
Event: 4.774 Thread 0x0000022a45a0b520 1362       3       org.lombokweb.asm.ClassReader::getItem (7 bytes)
Event: 4.774 Thread 0x0000022a45a0b520 nmethod 1362 0x0000022a48d81f10 code [0x0000022a48d820c0, 0x0000022a48d821f8]
Event: 4.774 Thread 0x0000022a45a0b520 1364       3       org.lombokweb.asm.Symbol::<init> (38 bytes)
Event: 4.776 Thread 0x0000022a45a0b520 nmethod 1364 0x0000022a48d82310 code [0x0000022a48d824c0, 0x0000022a48d82680]
Event: 4.776 Thread 0x0000022a45a0b520 1365       3       org.lombokweb.asm.SymbolTable::add (39 bytes)
Event: 4.776 Thread 0x0000022a45a0b520 nmethod 1365 0x0000022a48d82790 code [0x0000022a48d82940, 0x0000022a48d82c00]
Event: 4.776 Thread 0x0000022a45a0b520 1363       3       org.lombokweb.asm.ClassReader::readUTF8 (23 bytes)

GC Heap History (2 events):
Event: 3.723 GC heap before
{Heap before GC invocations=1 (full 0):
 PSYoungGen      total 29696K, used 25600K [0x00000000d5580000, 0x00000000d7680000, 0x0000000100000000)
  eden space 25600K, 100% used [0x00000000d5580000,0x00000000d6e80000,0x00000000d6e80000)
  from space 4096K, 0% used [0x00000000d7280000,0x00000000d7280000,0x00000000d7680000)
  to   space 4096K, 0% used [0x00000000d6e80000,0x00000000d6e80000,0x00000000d7280000)
 ParOldGen       total 68608K, used 0K [0x0000000080000000, 0x0000000084300000, 0x00000000d5580000)
  object space 68608K, 0% used [0x0000000080000000,0x0000000080000000,0x0000000084300000)
 Metaspace       used 4314K, committed 4544K, reserved 1114112K
  class space    used 471K, committed 576K, reserved 1048576K
}
Event: 3.754 GC heap after
{Heap after GC invocations=1 (full 0):
 PSYoungGen      total 29696K, used 3334K [0x00000000d5580000, 0x00000000d7680000, 0x0000000100000000)
  eden space 25600K, 0% used [0x00000000d5580000,0x00000000d5580000,0x00000000d6e80000)
  from space 4096K, 81% used [0x00000000d6e80000,0x00000000d71c1bb8,0x00000000d7280000)
  to   space 4096K, 0% used [0x00000000d7280000,0x00000000d7280000,0x00000000d7680000)
 ParOldGen       total 68608K, used 8K [0x0000000080000000, 0x0000000084300000, 0x00000000d5580000)
  object space 68608K, 0% used [0x0000000080000000,0x0000000080002000,0x0000000084300000)
 Metaspace       used 4314K, committed 4544K, reserved 1114112K
  class space    used 471K, committed 576K, reserved 1048576K
}

Dll operation events (8 events):
Event: 0.212 Loaded shared library c:\Users\porwa\.trae\extensions\redhat.java-1.44.0-win32-x64\jre\21.0.8-win32-x86_64\bin\java.dll
Event: 0.480 Loaded shared library c:\Users\porwa\.trae\extensions\redhat.java-1.44.0-win32-x64\jre\21.0.8-win32-x86_64\bin\zip.dll
Event: 0.558 Loaded shared library C:\Users\porwa\.trae\extensions\redhat.java-1.44.0-win32-x64\jre\21.0.8-win32-x86_64\bin\instrument.dll
Event: 0.574 Loaded shared library C:\Users\porwa\.trae\extensions\redhat.java-1.44.0-win32-x64\jre\21.0.8-win32-x86_64\bin\net.dll
Event: 0.583 Loaded shared library C:\Users\porwa\.trae\extensions\redhat.java-1.44.0-win32-x64\jre\21.0.8-win32-x86_64\bin\nio.dll
Event: 0.594 Loaded shared library C:\Users\porwa\.trae\extensions\redhat.java-1.44.0-win32-x64\jre\21.0.8-win32-x86_64\bin\zip.dll
Event: 0.655 Loaded shared library C:\Users\porwa\.trae\extensions\redhat.java-1.44.0-win32-x64\jre\21.0.8-win32-x86_64\bin\jimage.dll
Event: 0.922 Loaded shared library c:\Users\porwa\.trae\extensions\redhat.java-1.44.0-win32-x64\jre\21.0.8-win32-x86_64\bin\verify.dll

Deoptimization events (20 events):
Event: 3.982 Thread 0x0000022a4594ebc0 Uncommon trap: trap_request=0xffffff45 fr.pc=0x0000022a5068452c relative=0x0000000000000b2c
Event: 3.982 Thread 0x0000022a4594ebc0 Uncommon trap: reason=unstable_if action=reinterpret pc=0x0000022a5068452c method=java.util.HashMap.hash(Ljava/lang/Object;)I @ 1 c2
Event: 3.982 Thread 0x0000022a4594ebc0 DEOPT PACKING pc=0x0000022a5068452c sp=0x000000ec9a2fec00
Event: 3.982 Thread 0x0000022a4594ebc0 DEOPT UNPACKING pc=0x0000022a500c3aa2 sp=0x000000ec9a2feb80 mode 2
Event: 3.983 Thread 0x0000022a4594ebc0 Uncommon trap: trap_request=0xffffff45 fr.pc=0x0000022a5067ea40 relative=0x0000000000000280
Event: 3.983 Thread 0x0000022a4594ebc0 Uncommon trap: reason=unstable_if action=reinterpret pc=0x0000022a5067ea40 method=java.util.HashMap.hash(Ljava/lang/Object;)I @ 1 c2
Event: 3.983 Thread 0x0000022a4594ebc0 DEOPT PACKING pc=0x0000022a5067ea40 sp=0x000000ec9a2feb30
Event: 3.983 Thread 0x0000022a4594ebc0 DEOPT UNPACKING pc=0x0000022a500c3aa2 sp=0x000000ec9a2fe9c8 mode 2
Event: 3.989 Thread 0x0000022a4594ebc0 Uncommon trap: trap_request=0xffffff45 fr.pc=0x0000022a506745bc relative=0x000000000000027c
Event: 3.989 Thread 0x0000022a4594ebc0 Uncommon trap: reason=unstable_if action=reinterpret pc=0x0000022a506745bc method=java.util.HashMap.hash(Ljava/lang/Object;)I @ 1 c2
Event: 3.989 Thread 0x0000022a4594ebc0 DEOPT PACKING pc=0x0000022a506745bc sp=0x000000ec9a2fead0
Event: 3.989 Thread 0x0000022a4594ebc0 DEOPT UNPACKING pc=0x0000022a500c3aa2 sp=0x000000ec9a2fe9d8 mode 2
Event: 3.989 Thread 0x0000022a4594ebc0 Uncommon trap: trap_request=0xffffff45 fr.pc=0x0000022a506738d0 relative=0x00000000000000b0
Event: 3.989 Thread 0x0000022a4594ebc0 Uncommon trap: reason=unstable_if action=reinterpret pc=0x0000022a506738d0 method=java.util.HashMap.hash(Ljava/lang/Object;)I @ 1 c2
Event: 3.989 Thread 0x0000022a4594ebc0 DEOPT PACKING pc=0x0000022a506738d0 sp=0x000000ec9a2feb50
Event: 3.989 Thread 0x0000022a4594ebc0 DEOPT UNPACKING pc=0x0000022a500c3aa2 sp=0x000000ec9a2feae8 mode 2
Event: 4.656 Thread 0x0000022a4594ebc0 Uncommon trap: trap_request=0xffffff45 fr.pc=0x0000022a50667cd8 relative=0x0000000000001098
Event: 4.656 Thread 0x0000022a4594ebc0 Uncommon trap: reason=unstable_if action=reinterpret pc=0x0000022a50667cd8 method=lombok.patcher.PatchScript.classMatches(Ljava/lang/String;Ljava/util/Collection;)Z @ 25 c2
Event: 4.656 Thread 0x0000022a4594ebc0 DEOPT PACKING pc=0x0000022a50667cd8 sp=0x000000ec9a2f8d10
Event: 4.656 Thread 0x0000022a4594ebc0 DEOPT UNPACKING pc=0x0000022a500c3aa2 sp=0x000000ec9a2f8c78 mode 2

Classes loaded (20 events):
Event: 4.484 Loading class java/util/concurrent/SynchronousQueue$Transferer
Event: 4.484 Loading class java/util/concurrent/LinkedTransferQueue
Event: 4.486 Loading class java/util/concurrent/TransferQueue
Event: 4.487 Loading class java/util/concurrent/TransferQueue done
Event: 4.487 Loading class java/util/concurrent/LinkedTransferQueue done
Event: 4.487 Loading class java/util/concurrent/SynchronousQueue$Transferer done
Event: 4.488 Loading class java/util/concurrent/LinkedTransferQueue$DualNode
Event: 4.488 Loading class java/util/concurrent/LinkedTransferQueue$DualNode done
Event: 4.490 Loading class java/util/concurrent/RejectedExecutionHandler
Event: 4.491 Loading class java/util/concurrent/RejectedExecutionHandler done
Event: 4.491 Loading class java/util/concurrent/LinkedBlockingQueue
Event: 4.492 Loading class java/util/concurrent/LinkedBlockingQueue done
Event: 4.492 Loading class java/util/concurrent/LinkedBlockingQueue$Node
Event: 4.492 Loading class java/util/concurrent/LinkedBlockingQueue$Node done
Event: 4.540 Loading class java/util/concurrent/Semaphore$NonfairSync
Event: 4.540 Loading class java/util/concurrent/Semaphore$Sync
Event: 4.540 Loading class java/util/concurrent/Semaphore$Sync done
Event: 4.541 Loading class java/util/concurrent/Semaphore$NonfairSync done
Event: 4.683 Loading class java/lang/TypeNotPresentException
Event: 4.683 Loading class java/lang/TypeNotPresentException done

Classes unloaded (0 events):
No events

Classes redefined (0 events):
No events

Internal exceptions (20 events):
Event: 2.473 Thread 0x0000022a4594ebc0 Exception <a 'java/io/FileNotFoundException'{0x00000000d64c1658}> (0x00000000d64c1658) 
thrown [s\src\hotspot\share\prims\jni.cpp, line 520]
Event: 2.474 Thread 0x0000022a4594ebc0 Exception <a 'java/io/FileNotFoundException'{0x00000000d64c22b8}> (0x00000000d64c22b8) 
thrown [s\src\hotspot\share\prims\jni.cpp, line 520]
Event: 2.475 Thread 0x0000022a4594ebc0 Exception <a 'java/io/FileNotFoundException'{0x00000000d64c2df0}> (0x00000000d64c2df0) 
thrown [s\src\hotspot\share\prims\jni.cpp, line 520]
Event: 2.488 Thread 0x0000022a4594ebc0 Implicit null exception at 0x0000022a50642b24 to 0x0000022a506430c8
Event: 2.511 Thread 0x0000022a4594ebc0 Exception <a 'java/io/FileNotFoundException'{0x00000000d64fbf00}> (0x00000000d64fbf00) 
thrown [s\src\hotspot\share\prims\jni.cpp, line 520]
Event: 2.568 Thread 0x0000022a4594ebc0 Exception <a 'java/lang/NoSuchMethodError'{0x00000000d65343d8}: 'java.lang.Object java.lang.invoke.DirectMethodHandle$Holder.invokeInterface(java.lang.Object, java.lang.Object)'> (0x00000000d65343d8) 
thrown [s\src\hotspot\share\interpreter\linkResolver.cpp, line 773]
Event: 2.577 Thread 0x0000022a4594ebc0 Exception <a 'java/lang/NoSuchMethodError'{0x00000000d65479d0}: 'java.lang.Object java.lang.invoke.Invokers$Holder.invokeExact_MT(java.lang.Object, java.lang.Object, java.lang.Object, java.lang.Object, java.lang.Object, java.lang.Object)'> (0x00000000d65479d0) 
thrown [s\src\hotspot\share\interpreter\linkResolver.cpp, line 773]
Event: 2.588 Thread 0x0000022a4594ebc0 Exception <a 'java/lang/NoSuchMethodError'{0x00000000d655ec28}: 'int java.lang.invoke.DirectMethodHandle$Holder.invokeStatic(java.lang.Object, java.lang.Object, java.lang.Object, java.lang.Object, java.lang.Object)'> (0x00000000d655ec28) 
thrown [s\src\hotspot\share\interpreter\linkResolver.cpp, line 773]
Event: 2.735 Thread 0x0000022a4594ebc0 Exception <a 'java/lang/NoSuchMethodError'{0x00000000d65f3f28}: 'java.lang.Object java.lang.invoke.DirectMethodHandle$Holder.invokeInterface(java.lang.Object, java.lang.Object, int)'> (0x00000000d65f3f28) 
thrown [s\src\hotspot\share\interpreter\linkResolver.cpp, line 773]
Event: 3.521 Thread 0x0000022a4594ebc0 Exception <a 'java/lang/NoSuchMethodError'{0x00000000d6a79ef0}: 'java.lang.ClassLoader java.lang.ClassLoader.getPlatformClassLoader(java.lang.Class)'> (0x00000000d6a79ef0) 
thrown [s\src\hotspot\share\interpreter\linkResolver.cpp, line 773]
Event: 3.765 Thread 0x0000022a4594ebc0 Exception <a 'java/lang/ClassNotFoundException'{0x00000000d5593ce0}: sun/net/www/protocol/c/Handler> (0x00000000d5593ce0) 
thrown [s\src\hotspot\share\classfile\systemDictionary.cpp, line 312]
Event: 3.766 Thread 0x0000022a4594ebc0 Exception <a 'java/lang/ClassNotFoundException'{0x00000000d5595098}: sun/net/www/protocol/c/Handler> (0x00000000d5595098) 
thrown [s\src\hotspot\share\classfile\systemDictionary.cpp, line 312]
Event: 3.767 Thread 0x0000022a4594ebc0 Exception <a 'java/lang/ClassNotFoundException'{0x00000000d55962a8}: sun/net/www/protocol/c/Handler> (0x00000000d55962a8) 
thrown [s\src\hotspot\share\classfile\systemDictionary.cpp, line 312]
Event: 3.797 Thread 0x0000022a4594ebc0 Exception <a 'java/io/FileNotFoundException'{0x00000000d55babc0}> (0x00000000d55babc0) 
thrown [s\src\hotspot\share\prims\jni.cpp, line 520]
Event: 3.982 Thread 0x0000022a4594ebc0 Implicit null exception at 0x0000022a50683a49 to 0x0000022a50684514
Event: 3.983 Thread 0x0000022a4594ebc0 Implicit null exception at 0x0000022a5067e81a to 0x0000022a5067ea28
Event: 3.985 Thread 0x0000022a4594ebc0 Exception <a 'java/lang/NoSuchMethodError'{0x00000000d5767618}: 'void java.lang.invoke.DirectMethodHandle$Holder.invokeStatic(java.lang.Object, java.lang.Object, java.lang.Object, java.lang.Object)'> (0x00000000d5767618) 
thrown [s\src\hotspot\share\interpreter\linkResolver.cpp, line 773]
Event: 3.989 Thread 0x0000022a4594ebc0 Implicit null exception at 0x0000022a5067439a to 0x0000022a506745a4
Event: 3.989 Thread 0x0000022a4594ebc0 Implicit null exception at 0x0000022a5067383d to 0x0000022a506738c1
Event: 4.407 Thread 0x0000022a4594ebc0 Exception <a 'java/lang/NoSuchMethodError'{0x00000000d59ddaa8}: 'void java.lang.invoke.DirectMethodHandle$Holder.invokeSpecial(java.lang.Object, java.lang.Object, java.lang.Object)'> (0x00000000d59ddaa8) 
thrown [s\src\hotspot\share\interpreter\linkResolver.cpp, line 773]

ZGC Phase Switch (0 events):
No events

VM Operations (18 events):
Event: 0.475 Executing VM operation: HandshakeAllThreads (Deoptimize)
Event: 0.475 Executing VM operation: HandshakeAllThreads (Deoptimize) done
Event: 0.699 Executing VM operation: HandshakeAllThreads (Deoptimize)
Event: 0.699 Executing VM operation: HandshakeAllThreads (Deoptimize) done
Event: 1.709 Executing VM operation: Cleanup
Event: 1.724 Executing VM operation: Cleanup done
Event: 2.165 Executing VM operation: HandshakeAllThreads (Deoptimize)
Event: 2.165 Executing VM operation: HandshakeAllThreads (Deoptimize) done
Event: 2.263 Executing VM operation: HandshakeAllThreads (Deoptimize)
Event: 2.263 Executing VM operation: HandshakeAllThreads (Deoptimize) done
Event: 3.267 Executing VM operation: Cleanup
Event: 3.267 Executing VM operation: Cleanup done
Event: 3.669 Executing VM operation: HandshakeAllThreads (Deoptimize)
Event: 3.670 Executing VM operation: HandshakeAllThreads (Deoptimize) done
Event: 3.723 Executing VM operation: ParallelGCFailedAllocation (Allocation Failure)
Event: 3.754 Executing VM operation: ParallelGCFailedAllocation (Allocation Failure) done
Event: 4.765 Executing VM operation: Cleanup
Event: 4.765 Executing VM operation: Cleanup done

Memory protections (0 events):
No events

Nmethod flushes (0 events):
No events

Events (19 events):
Event: 0.284 Thread 0x0000022a4594ebc0 Thread added: 0x0000022a4594ebc0
Event: 0.341 Thread 0x0000022a4594ebc0 Thread added: 0x0000022a458fd710
Event: 0.341 Thread 0x0000022a4594ebc0 Thread added: 0x0000022a458fe870
Event: 0.342 Thread 0x0000022a4594ebc0 Thread added: 0x0000022a459f4b60
Event: 0.342 Thread 0x0000022a4594ebc0 Thread added: 0x0000022a459f76c0
Event: 0.343 Thread 0x0000022a4594ebc0 Thread added: 0x0000022a459f8110
Event: 0.343 Thread 0x0000022a4594ebc0 Thread added: 0x0000022a459fa0c0
Event: 0.343 Thread 0x0000022a4594ebc0 Thread added: 0x0000022a459fdf10
Event: 0.347 Thread 0x0000022a4594ebc0 Thread added: 0x0000022a45a0b520
Event: 0.433 Thread 0x0000022a4594ebc0 Thread added: 0x0000022a459bb500
Event: 1.352 Thread 0x0000022a4594ebc0 Thread added: 0x0000022a5d9872c0
Event: 1.869 Thread 0x0000022a45a0b520 Thread added: 0x0000022a5d984760
Event: 1.880 Thread 0x0000022a45a0b520 Thread added: 0x0000022a5e6b3aa0
Event: 2.731 Thread 0x0000022a5e6b3aa0 Thread exited: 0x0000022a5e6b3aa0
Event: 2.947 Thread 0x0000022a5d984760 Thread exited: 0x0000022a5d984760
Event: 3.383 Thread 0x0000022a45a0b520 Thread added: 0x0000022a5e5f33c0
Event: 3.831 Thread 0x0000022a5e5f33c0 Thread exited: 0x0000022a5e5f33c0
Event: 4.581 Thread 0x0000022a45a0b520 Thread added: 0x0000022a5ed32270
Event: 4.586 Thread 0x0000022a45a0b520 Thread added: 0x0000022a5ed32910


Dynamic libraries:
0x00007ff6f5210000 - 0x00007ff6f521e000 	c:\Users\porwa\.trae\extensions\redhat.java-1.44.0-win32-x64\jre\21.0.8-win32-x86_64\bin\java.exe
0x00007ffae4be0000 - 0x00007ffae4e49000 	C:\WINDOWS\SYSTEM32\ntdll.dll
0x00007ffae4300000 - 0x00007ffae43c9000 	C:\WINDOWS\System32\KERNEL32.DLL
0x00007ffae2020000 - 0x00007ffae2413000 	C:\WINDOWS\System32\KERNELBASE.dll
0x00007ffae2420000 - 0x00007ffae256b000 	C:\WINDOWS\System32\ucrtbase.dll
0x00007ffac4b20000 - 0x00007ffac4b38000 	c:\Users\porwa\.trae\extensions\redhat.java-1.44.0-win32-x64\jre\21.0.8-win32-x86_64\bin\jli.dll
0x00007ffae43d0000 - 0x00007ffae4594000 	C:\WINDOWS\System32\USER32.dll
0x00007ffae2770000 - 0x00007ffae2797000 	C:\WINDOWS\System32\win32u.dll
0x00007ffae3810000 - 0x00007ffae383b000 	C:\WINDOWS\System32\GDI32.dll
0x00007ffae1ef0000 - 0x00007ffae201d000 	C:\WINDOWS\System32\gdi32full.dll
0x00007ffae2600000 - 0x00007ffae26a3000 	C:\WINDOWS\System32\msvcp_win.dll
0x00007ffac4b00000 - 0x00007ffac4b1e000 	c:\Users\porwa\.trae\extensions\redhat.java-1.44.0-win32-x64\jre\21.0.8-win32-x86_64\bin\VCRUNTIME140.dll
0x00007ffac6800000 - 0x00007ffac6a93000 	C:\WINDOWS\WinSxS\amd64_microsoft.windows.common-controls_6595b64144ccf1df_6.0.26100.5074_none_3e0d6f78e32fd63f\COMCTL32.dll
0x00007ffae4770000 - 0x00007ffae4819000 	C:\WINDOWS\System32\msvcrt.dll
0x00007ffae4990000 - 0x00007ffae49bf000 	C:\WINDOWS\System32\IMM32.DLL
0x00007ffaa41f0000 - 0x00007ffaa41fc000 	c:\Users\porwa\.trae\extensions\redhat.java-1.44.0-win32-x64\jre\21.0.8-win32-x86_64\bin\vcruntime140_1.dll
0x00007ffa80f50000 - 0x00007ffa80fdd000 	c:\Users\porwa\.trae\extensions\redhat.java-1.44.0-win32-x64\jre\21.0.8-win32-x86_64\bin\msvcp140.dll
0x00007ffa277b0000 - 0x00007ffa28547000 	c:\Users\porwa\.trae\extensions\redhat.java-1.44.0-win32-x64\jre\21.0.8-win32-x86_64\bin\server\jvm.dll
0x00007ffae4820000 - 0x00007ffae48d4000 	C:\WINDOWS\System32\ADVAPI32.dll
0x00007ffae48e0000 - 0x00007ffae4986000 	C:\WINDOWS\System32\sechost.dll
0x00007ffae40a0000 - 0x00007ffae41b8000 	C:\WINDOWS\System32\RPCRT4.dll
0x00007ffae3f40000 - 0x00007ffae3fb4000 	C:\WINDOWS\System32\WS2_32.dll
0x00007ffae1bf0000 - 0x00007ffae1c4e000 	C:\WINDOWS\SYSTEM32\POWRPROF.dll
0x00007ffad3750000 - 0x00007ffad3785000 	C:\WINDOWS\SYSTEM32\WINMM.dll
0x00007ffacbd90000 - 0x00007ffacbd9b000 	C:\WINDOWS\SYSTEM32\VERSION.dll
0x00007ffae1bd0000 - 0x00007ffae1be4000 	C:\WINDOWS\SYSTEM32\UMPDC.dll
0x00007ffae0b20000 - 0x00007ffae0b3b000 	C:\WINDOWS\SYSTEM32\kernel.appcore.dll
0x00007ffaa41e0000 - 0x00007ffaa41ea000 	c:\Users\porwa\.trae\extensions\redhat.java-1.44.0-win32-x64\jre\21.0.8-win32-x86_64\bin\jimage.dll
0x00007ffadf580000 - 0x00007ffadf7c2000 	C:\WINDOWS\SYSTEM32\DBGHELP.DLL
0x00007ffae29c0000 - 0x00007ffae2d3b000 	C:\WINDOWS\System32\combase.dll
0x00007ffae3fc0000 - 0x00007ffae4097000 	C:\WINDOWS\System32\OLEAUT32.dll
0x00007ffac2470000 - 0x00007ffac24ad000 	C:\WINDOWS\SYSTEM32\dbgcore.DLL
0x00007ffae27a0000 - 0x00007ffae2839000 	C:\WINDOWS\System32\bcryptPrimitives.dll
0x00007ffaa41b0000 - 0x00007ffaa41bf000 	c:\Users\porwa\.trae\extensions\redhat.java-1.44.0-win32-x64\jre\21.0.8-win32-x86_64\bin\instrument.dll
0x00007ffa99800000 - 0x00007ffa9981f000 	c:\Users\porwa\.trae\extensions\redhat.java-1.44.0-win32-x64\jre\21.0.8-win32-x86_64\bin\java.dll
0x00007ffae30c0000 - 0x00007ffae380d000 	C:\WINDOWS\System32\SHELL32.dll
0x00007ffae2840000 - 0x00007ffae29ac000 	C:\WINDOWS\System32\wintypes.dll
0x00007ffadf990000 - 0x00007ffae01e9000 	C:\WINDOWS\SYSTEM32\windows.storage.dll
0x00007ffae41c0000 - 0x00007ffae42b0000 	C:\WINDOWS\System32\SHCORE.dll
0x00007ffae4ab0000 - 0x00007ffae4b12000 	C:\WINDOWS\System32\shlwapi.dll
0x00007ffae1c90000 - 0x00007ffae1cb9000 	C:\WINDOWS\SYSTEM32\profapi.dll
0x00007ffaa41c0000 - 0x00007ffaa41d8000 	c:\Users\porwa\.trae\extensions\redhat.java-1.44.0-win32-x64\jre\21.0.8-win32-x86_64\bin\zip.dll
0x00007ffa9f640000 - 0x00007ffa9f650000 	C:\Users\porwa\.trae\extensions\redhat.java-1.44.0-win32-x64\jre\21.0.8-win32-x86_64\bin\net.dll
0x00007ffad7c10000 - 0x00007ffad7d2f000 	C:\WINDOWS\SYSTEM32\WINHTTP.dll
0x00007ffae10b0000 - 0x00007ffae111b000 	C:\WINDOWS\system32\mswsock.dll
0x00007ffa81a10000 - 0x00007ffa81a26000 	C:\Users\porwa\.trae\extensions\redhat.java-1.44.0-win32-x64\jre\21.0.8-win32-x86_64\bin\nio.dll
0x00007ffa99870000 - 0x00007ffa99880000 	c:\Users\porwa\.trae\extensions\redhat.java-1.44.0-win32-x64\jre\21.0.8-win32-x86_64\bin\verify.dll

JVMTI agents:
c:\Users\porwa\.trae\extensions\redhat.java-1.44.0-win32-x64\lombok\lombok-1.18.39-4050.jar path:c:\Users\porwa\.trae\extensions\redhat.java-1.44.0-win32-x64\jre\21.0.8-win32-x86_64\bin\instrument.dll, loaded, initialized, instrumentlib options:none

dbghelp: loaded successfully - version: 4.0.5 - missing functions: none
symbol engine: initialized successfully - sym options: 0x614 - pdb path: .;c:\Users\porwa\.trae\extensions\redhat.java-1.44.0-win32-x64\jre\21.0.8-win32-x86_64\bin;C:\WINDOWS\SYSTEM32;C:\WINDOWS\WinSxS\amd64_microsoft.windows.common-controls_6595b64144ccf1df_6.0.26100.5074_none_3e0d6f78e32fd63f;c:\Users\porwa\.trae\extensions\redhat.java-1.44.0-win32-x64\jre\21.0.8-win32-x86_64\bin\server

VM Arguments:
jvm_args: --add-modules=ALL-SYSTEM --add-opens=java.base/java.util=ALL-UNNAMED --add-opens=java.base/java.lang=ALL-UNNAMED --add-opens=java.base/sun.nio.fs=ALL-UNNAMED -Declipse.application=org.eclipse.jdt.ls.core.id1 -Dosgi.bundles.defaultStartLevel=4 -Declipse.product=org.eclipse.jdt.ls.core.product -Djava.import.generatesMetadataFilesAtProjectRoot=false -DDetectVMInstallationsJob.disabled=true -Dfile.encoding=utf8 -XX:+UseParallelGC -XX:GCTimeRatio=4 -XX:AdaptiveSizePolicyWeight=90 -Dsun.zip.disableMemoryMapping=true -Xmx2G -Xms100m -Xlog:disable -javaagent:c:\Users\porwa\.trae\extensions\redhat.java-1.44.0-win32-x64\lombok\lombok-1.18.39-4050.jar 
java_command: c:\Users\porwa\.trae\extensions\redhat.java-1.44.0-win32-x64\server\plugins\org.eclipse.equinox.launcher_1.7.0.v20250519-0528.jar -configuration c:\Users\porwa\AppData\Roaming\Trae\User\globalStorage\redhat.java\1.44.0\config_ss_win -data c:\Users\porwa\AppData\Roaming\Trae\User\workspaceStorage\ee174103a5fc5f85625237d716dd6659\redhat.java\ss_ws --pipe=\\.\pipe\lsp-d9d12c3f4f81d759228e09be764691c0-sock
java_class_path (initial): c:\Users\porwa\.trae\extensions\redhat.java-1.44.0-win32-x64\server\plugins\org.eclipse.equinox.launcher_1.7.0.v20250519-0528.jar
Launcher Type: SUN_STANDARD

[Global flags]
    uintx AdaptiveSizePolicyWeight                 = 90                                        {product} {command line}
     intx CICompilerCount                          = 4                                         {product} {ergonomic}
    uintx GCTimeRatio                              = 4                                         {product} {command line}
   size_t InitialHeapSize                          = 104857600                                 {product} {command line}
   size_t MaxHeapSize                              = 2147483648                                {product} {command line}
   size_t MaxNewSize                               = 715653120                                 {product} {ergonomic}
   size_t MinHeapDeltaBytes                        = 524288                                    {product} {ergonomic}
   size_t MinHeapSize                              = 104857600                                 {product} {command line}
   size_t NewSize                                  = 34603008                                  {product} {ergonomic}
    uintx NonNMethodCodeHeapSize                   = 5839372                                {pd product} {ergonomic}
    uintx NonProfiledCodeHeapSize                  = 122909434                              {pd product} {ergonomic}
   size_t OldSize                                  = 70254592                                  {product} {ergonomic}
    uintx ProfiledCodeHeapSize                     = 122909434                              {pd product} {ergonomic}
    uintx ReservedCodeCacheSize                    = 251658240                              {pd product} {ergonomic}
     bool SegmentedCodeCache                       = true                                      {product} {ergonomic}
   size_t SoftMaxHeapSize                          = 2147483648                             {manageable} {ergonomic}
     bool UseCompressedOops                        = true                           {product lp64_product} {ergonomic}
     bool UseLargePagesIndividualAllocation        = false                                  {pd product} {ergonomic}
     bool UseParallelGC                            = true                                      {product} {command line}

Logging:
Log output configuration:
 #0: stdout all=off uptime,level,tags foldmultilines=false
 #1: stderr all=off uptime,level,tags foldmultilines=false

Environment Variables:
CLASSPATH=C:\Program Files (x86)\MySQL\MySQL Connector NET 9.4;
PATH=D:\oracle\product\10.2.0\db_2\bin;D:\oracle\product\10.2.0\db_1\bin;C:\Program Files\Common Files\Oracle\Java\javapath;C:\WINDOWS\system32;C:\WINDOWS;C:\WINDOWS\System32\Wbem;C:\WINDOWS\System32\WindowsPowerShell\v1.0\;C:\WINDOWS\System32\OpenSSH\;C:\Program Files\dotnet\;C:\ProgramData\chocolatey\bin;C:\Program Files\nodejs\;C:\Program Files\Docker\Docker\resources\bin;C:\Program Files\Git\cmd;C:\Users\porwa\AppData\Local\Microsoft\WindowsApps;C:\Users\porwa\AppData\Local\Programs\Microsoft VS Code\bin;C:\Users\porwa\AppData\Local\Microsoft\WinGet\Packages\Schniz.fnm_Microsoft.Winget.Source_8wekyb3d8bbwe;C:\Users\porwa\AppData\Roaming\npm;C:\Users\porwa\AppData\Local\Programs\cursor\resources\app\bin;C:\Users\porwa\AppData\Local\Programs\Windsurf\bin;C:\Program Files\heroku\bin;d:\Trae\resources\app\bin\lib
USERNAME=porwa
OS=Windows_NT
PROCESSOR_IDENTIFIER=Intel64 Family 6 Model 154 Stepping 4, GenuineIntel
TMP=C:\Users\porwa\AppData\Local\Temp
TEMP=C:\Users\porwa\AppData\Local\Temp




Periodic native trim disabled

---------------  S Y S T E M  ---------------

OS:
 Windows 11 , 64 bit Build 26100 (10.0.26100.5074)
OS uptime: 0 days 1:40 hours
Hyper-V role detected

CPU: total 12 (initial active 12) (6 cores per cpu, 2 threads per core) family 6 model 154 stepping 4 microcode 0x41b, cx8, cmov, fxsr, ht, mmx, 3dnowpref, sse, sse2, sse3, ssse3, sse4.1, sse4.2, popcnt, lzcnt, tsc, tscinvbit, avx, avx2, aes, erms, clmul, bmi1, bmi2, adx, sha, fma, vzeroupper, clflush, clflushopt, clwb, hv, serialize, rdtscp, rdpid, fsrm, f16c, cet_ibt, cet_ss
Processor Information for processor 0
  Max Mhz: 1300, Current Mhz: 1300, Mhz Limit: 1300
Processor Information for processor 1
  Max Mhz: 1300, Current Mhz: 1300, Mhz Limit: 1300
Processor Information for processor 2
  Max Mhz: 1300, Current Mhz: 1300, Mhz Limit: 1300
Processor Information for processor 3
  Max Mhz: 1300, Current Mhz: 1300, Mhz Limit: 1300
Processor Information for processor 4
  Max Mhz: 1300, Current Mhz: 900, Mhz Limit: 897
Processor Information for processor 5
  Max Mhz: 1300, Current Mhz: 900, Mhz Limit: 897
Processor Information for processor 6
  Max Mhz: 1300, Current Mhz: 900, Mhz Limit: 897
Processor Information for processor 7
  Max Mhz: 1300, Current Mhz: 900, Mhz Limit: 897
Processor Information for processor 8
  Max Mhz: 1300, Current Mhz: 900, Mhz Limit: 897
Processor Information for processor 9
  Max Mhz: 1300, Current Mhz: 900, Mhz Limit: 897
Processor Information for processor 10
  Max Mhz: 1300, Current Mhz: 900, Mhz Limit: 897
Processor Information for processor 11
  Max Mhz: 1300, Current Mhz: 900, Mhz Limit: 897

Memory: 4k page, system-wide physical 16128M (2417M free)
TotalPageFile size 22890M (AvailPageFile size 60M)
current process WorkingSet (physical memory assigned to process): 88M, peak: 89M
current process commit charge ("private bytes"): 246M, peak: 247M

vm_info: OpenJDK 64-Bit Server VM (21.0.8+9-LTS) for windows-amd64 JRE (21.0.8+9-LTS), built on 2025-07-15T00:00:00Z by "admin" with MS VC++ 17.7 (VS2022)

END.
