#
# There is insufficient memory for the Java Runtime Environment to continue.
# Native memory allocation (malloc) failed to allocate 32744 bytes. Error detail: Chunk::new
# Possible reasons:
#   The system is out of physical RAM or swap space
#   This process is running with CompressedOops enabled, and the Java Heap may be blocking the growth of the native heap
# Possible solutions:
#   Reduce memory load on the system
#   Increase physical memory or swap space
#   Check if swap backing store is full
#   Decrease Java heap size (-Xmx/-Xms)
#   Decrease number of Java threads
#   Decrease Java thread stack sizes (-Xss)
#   Set larger code cache with -XX:ReservedCodeCacheSize=
#   JVM is running with Unscaled Compressed Oops mode in which the Java heap is
#     placed in the first 4GB address space. The Java Heap base address is the
#     maximum limit for the native heap growth. Please use -XX:HeapBaseMinAddress
#     to set the Java Heap base and to place the Java Heap above 4GB virtual address.
# This output file may be truncated or incomplete.
#
#  Out of Memory Error (arena.cpp:168), pid=6344, tid=18916
#
# JRE version: OpenJDK Runtime Environment Temurin-21.0.8+9 (21.0.8+9) (build 21.0.8+9-LTS)
# Java VM: OpenJDK 64-Bit Server VM Temurin-21.0.8+9 (21.0.8+9-LTS, mixed mode, sharing, tiered, compressed oops, compressed class ptrs, parallel gc, windows-amd64)
# No core dump will be written. Minidumps are not enabled by default on client versions of Windows
#

---------------  S U M M A R Y ------------

Command Line: --add-modules=ALL-SYSTEM --add-opens=java.base/java.util=ALL-UNNAMED --add-opens=java.base/java.lang=ALL-UNNAMED --add-opens=java.base/sun.nio.fs=ALL-UNNAMED -Declipse.application=org.eclipse.jdt.ls.core.id1 -Dosgi.bundles.defaultStartLevel=4 -Declipse.product=org.eclipse.jdt.ls.core.product -Djava.import.generatesMetadataFilesAtProjectRoot=false -DDetectVMInstallationsJob.disabled=true -Dfile.encoding=utf8 -XX:+UseParallelGC -XX:GCTimeRatio=4 -XX:AdaptiveSizePolicyWeight=90 -Dsun.zip.disableMemoryMapping=true -Xmx2G -Xms100m -Xlog:disable -javaagent:c:\Users\porwa\.trae\extensions\redhat.java-1.44.0-win32-x64\lombok\lombok-1.18.39-4050.jar -XX:+HeapDumpOnOutOfMemoryError -XX:HeapDumpPath=c:\Users\porwa\AppData\Roaming\Trae\User\workspaceStorage\ee174103a5fc5f85625237d716dd6659\redhat.java -Daether.dependencyCollector.impl=bf c:\Users\porwa\.trae\extensions\redhat.java-1.44.0-win32-x64\server\plugins\org.eclipse.equinox.launcher_1.7.0.v20250519-0528.jar -configuration c:\Users\porwa\AppData\Roaming\Trae\User\globalStorage\redhat.java\1.44.0\config_win -data c:\Users\porwa\AppData\Roaming\Trae\User\workspaceStorage\ee174103a5fc5f85625237d716dd6659\redhat.java\jdt_ws --pipe=\\.\pipe\lsp-da04a28564ef96e73f28de2bed7f68fc-sock

Host: 12th Gen Intel(R) Core(TM) i5-1235U, 12 cores, 15G,  Windows 11 , 64 bit Build 26100 (10.0.26100.5074)
Time: Tue Sep  2 00:36:10 2025 India Standard Time elapsed time: 94.532861 seconds (0d 0h 1m 34s)

---------------  T H R E A D  ---------------

Current thread (0x0000028d7cd415c0):  JavaThread "C2 CompilerThread1" daemon [_thread_in_native, id=18916, stack(0x000000de8ad00000,0x000000de8ae00000) (1024K)]


Current CompileTask:
C2:94533 13007       4       org.eclipse.core.runtime.Path::<init> (9 bytes)

Stack: [0x000000de8ad00000,0x000000de8ae00000]
Native frames: (J=compiled Java code, j=interpreted, Vv=VM code, C=native code)
V  [jvm.dll+0x6d2449]
V  [jvm.dll+0x8ae341]
V  [jvm.dll+0x8b08be]
V  [jvm.dll+0x8b0fa3]
V  [jvm.dll+0x280c96]
V  [jvm.dll+0xc581d]
V  [jvm.dll+0xc5d53]
V  [jvm.dll+0x6d713a]
V  [jvm.dll+0x6d7c07]
V  [jvm.dll+0x6d91be]
V  [jvm.dll+0x6d7945]
V  [jvm.dll+0x24929d]
V  [jvm.dll+0x2484af]
V  [jvm.dll+0x1c89ee]
V  [jvm.dll+0x257d4d]
V  [jvm.dll+0x2562ea]
V  [jvm.dll+0x3f2d16]
V  [jvm.dll+0x857e6b]
V  [jvm.dll+0x6d0b0d]
C  [ucrtbase.dll+0x37b0]
C  [KERNEL32.DLL+0x2e8d7]
C  [ntdll.dll+0x8d9c]


---------------  P R O C E S S  ---------------

Threads class SMR info:
_java_thread_list=0x0000028d75f97330, length=78, elements={
0x0000028d1ab0b170, 0x0000028d339bdbc0, 0x0000028d1cfc4b60, 0x0000028d1cfc9480,
0x0000028d1cfcc530, 0x0000028d75e31fe0, 0x0000028d1cfccf80, 0x0000028d1cfcb470,
0x0000028d1cfde470, 0x0000028d75f12b30, 0x0000028d76180da0, 0x0000028d7b704210,
0x0000028d7b8560f0, 0x0000028d7babb370, 0x0000028d7b07add0, 0x0000028d7b112350,
0x0000028d7b6642b0, 0x0000028d7bc87e00, 0x0000028d7bc863c0, 0x0000028d7bc84980,
0x0000028d7bc85010, 0x0000028d7bc85d30, 0x0000028d7bc86a50, 0x0000028d7bc870e0,
0x0000028d7bc87770, 0x0000028d7bc856a0, 0x0000028d7f8549e0, 0x0000028d7f854350,
0x0000028d7f853630, 0x0000028d7f853cc0, 0x0000028d7f851560, 0x0000028d7f852910,
0x0000028d7f852fa0, 0x0000028d7f855070, 0x0000028d7f851bf0, 0x0000028d7f855700,
0x0000028d7f852280, 0x0000028d7f856ab0, 0x0000028d7f857140, 0x0000028d7f8577d0,
0x0000028d7f8584f0, 0x0000028d7f857e60, 0x0000028d7cd415c0, 0x0000028d7cd41c90,
0x0000028d7f855d90, 0x0000028d7dd54aa0, 0x0000028d7dd53060, 0x0000028d7dd53d80,
0x0000028d7dd55e50, 0x0000028d7dd55130, 0x0000028d7dd557c0, 0x0000028d7dd56b70,
0x0000028d7dd564e0, 0x0000028d7dd536f0, 0x0000028d7dd57200, 0x0000028d7dd57890,
0x0000028d7dd54410, 0x0000028d7dd57f20, 0x0000028d7dd585b0, 0x0000028d7dd58c40,
0x0000028d7dd592d0, 0x0000028d7dd59960, 0x0000028d7dd59ff0, 0x0000028d7dd5a680,
0x0000028d0a54e550, 0x0000028d0a54cb10, 0x0000028d0a54c480, 0x0000028d0a54d1a0,
0x0000028d0a54ebe0, 0x0000028d0a54f270, 0x0000028d0a54d830, 0x0000028d0a54bdf0,
0x0000028d0a551340, 0x0000028d0a54dec0, 0x0000028d0a550620, 0x0000028d0a54ff90,
0x0000028d0a552d80, 0x0000028d0a5526f0
}

Java Threads: ( => current thread )
  0x0000028d1ab0b170 JavaThread "main"                              [_thread_blocked, id=24228, stack(0x000000de88b00000,0x000000de88c00000) (1024K)]
  0x0000028d339bdbc0 JavaThread "Reference Handler"          daemon [_thread_blocked, id=676, stack(0x000000de88f00000,0x000000de89000000) (1024K)]
  0x0000028d1cfc4b60 JavaThread "Finalizer"                  daemon [_thread_blocked, id=14836, stack(0x000000de89000000,0x000000de89100000) (1024K)]
  0x0000028d1cfc9480 JavaThread "Signal Dispatcher"          daemon [_thread_blocked, id=23624, stack(0x000000de89100000,0x000000de89200000) (1024K)]
  0x0000028d1cfcc530 JavaThread "Attach Listener"            daemon [_thread_blocked, id=21804, stack(0x000000de89200000,0x000000de89300000) (1024K)]
  0x0000028d75e31fe0 JavaThread "Service Thread"             daemon [_thread_blocked, id=6220, stack(0x000000de89300000,0x000000de89400000) (1024K)]
  0x0000028d1cfccf80 JavaThread "Monitor Deflation Thread"   daemon [_thread_blocked, id=20268, stack(0x000000de89400000,0x000000de89500000) (1024K)]
  0x0000028d1cfcb470 JavaThread "C2 CompilerThread0"         daemon [_thread_blocked, id=660, stack(0x000000de89500000,0x000000de89600000) (1024K)]
  0x0000028d1cfde470 JavaThread "C1 CompilerThread0"         daemon [_thread_blocked, id=23052, stack(0x000000de89600000,0x000000de89700000) (1024K)]
  0x0000028d75f12b30 JavaThread "Common-Cleaner"             daemon [_thread_blocked, id=16860, stack(0x000000de89700000,0x000000de89800000) (1024K)]
  0x0000028d76180da0 JavaThread "Notification Thread"        daemon [_thread_blocked, id=7812, stack(0x000000de89800000,0x000000de89900000) (1024K)]
  0x0000028d7b704210 JavaThread "Active Thread: Equinox Container: bbe590a2-7d94-4989-84aa-a523141f862e"        [_thread_blocked, id=420, stack(0x000000de8a100000,0x000000de8a200000) (1024K)]
  0x0000028d7b8560f0 JavaThread "Refresh Thread: Equinox Container: bbe590a2-7d94-4989-84aa-a523141f862e" daemon [_thread_blocked, id=10596, stack(0x000000de89900000,0x000000de89a00000) (1024K)]
  0x0000028d7babb370 JavaThread "Framework Event Dispatcher: Equinox Container: bbe590a2-7d94-4989-84aa-a523141f862e" daemon [_thread_blocked, id=16284, stack(0x000000de8a200000,0x000000de8a300000) (1024K)]
  0x0000028d7b07add0 JavaThread "Start Level: Equinox Container: bbe590a2-7d94-4989-84aa-a523141f862e" daemon [_thread_blocked, id=3540, stack(0x000000de8a300000,0x000000de8a400000) (1024K)]
  0x0000028d7b112350 JavaThread "Bundle File Closer"         daemon [_thread_blocked, id=2940, stack(0x000000de8a700000,0x000000de8a800000) (1024K)]
  0x0000028d7b6642b0 JavaThread "SCR Component Actor"        daemon [_thread_blocked, id=18772, stack(0x000000de8a400000,0x000000de8a500000) (1024K)]
  0x0000028d7bc87e00 JavaThread "Worker-JM"                         [_thread_blocked, id=21696, stack(0x000000de8a900000,0x000000de8aa00000) (1024K)]
  0x0000028d7bc863c0 JavaThread "Worker-0"                          [_thread_blocked, id=19432, stack(0x000000de8aa00000,0x000000de8ab00000) (1024K)]
  0x0000028d7bc84980 JavaThread "Worker-1: Building"                [_thread_blocked, id=7676, stack(0x000000de8ab00000,0x000000de8ac00000) (1024K)]
  0x0000028d7bc85010 JavaThread "Worker-2: Java indexing... "        [_thread_blocked, id=4356, stack(0x000000de8ac00000,0x000000de8ad00000) (1024K)]
  0x0000028d7bc85d30 JavaThread "Worker-3"                          [_thread_blocked, id=7484, stack(0x000000de8ae00000,0x000000de8af00000) (1024K)]
  0x0000028d7bc86a50 JavaThread "Java indexing"              daemon [_thread_blocked, id=23252, stack(0x000000de8b000000,0x000000de8b100000) (1024K)]
  0x0000028d7bc870e0 JavaThread "JNA Cleaner"                daemon [_thread_blocked, id=6540, stack(0x000000de8b100000,0x000000de8b200000) (1024K)]
  0x0000028d7bc87770 JavaThread "Worker-4: Initialize workspace"        [_thread_blocked, id=22844, stack(0x000000de8a800000,0x000000de8a900000) (1024K)]
  0x0000028d7bc856a0 JavaThread "Worker-5"                          [_thread_blocked, id=12444, stack(0x000000de8b400000,0x000000de8b500000) (1024K)]
  0x0000028d7f8549e0 JavaThread "Thread-2"                   daemon [_thread_in_native, id=8748, stack(0x000000de8b500000,0x000000de8b600000) (1024K)]
  0x0000028d7f854350 JavaThread "Thread-3"                   daemon [_thread_in_native, id=13088, stack(0x000000de8b600000,0x000000de8b700000) (1024K)]
  0x0000028d7f853630 JavaThread "Thread-4"                   daemon [_thread_in_native, id=16160, stack(0x000000de8b700000,0x000000de8b800000) (1024K)]
  0x0000028d7f853cc0 JavaThread "Thread-5"                   daemon [_thread_in_native, id=20860, stack(0x000000de8b800000,0x000000de8b900000) (1024K)]
  0x0000028d7f851560 JavaThread "Thread-6"                   daemon [_thread_in_native, id=13156, stack(0x000000de8b900000,0x000000de8ba00000) (1024K)]
  0x0000028d7f852910 JavaThread "Thread-7"                   daemon [_thread_in_native, id=5872, stack(0x000000de8ba00000,0x000000de8bb00000) (1024K)]
  0x0000028d7f852fa0 JavaThread "Thread-8"                   daemon [_thread_in_native, id=18920, stack(0x000000de8bb00000,0x000000de8bc00000) (1024K)]
  0x0000028d7f855070 JavaThread "Thread-9"                   daemon [_thread_in_native, id=23864, stack(0x000000de8bc00000,0x000000de8bd00000) (1024K)]
  0x0000028d7f851bf0 JavaThread "Thread-10"                  daemon [_thread_in_native, id=16012, stack(0x000000de8bd00000,0x000000de8be00000) (1024K)]
  0x0000028d7f855700 JavaThread "Thread-11"                  daemon [_thread_in_native, id=11612, stack(0x000000de8be00000,0x000000de8bf00000) (1024K)]
  0x0000028d7f852280 JavaThread "Thread-12"                  daemon [_thread_in_native, id=5508, stack(0x000000de8bf00000,0x000000de8c000000) (1024K)]
  0x0000028d7f856ab0 JavaThread "Thread-13"                  daemon [_thread_in_native, id=17372, stack(0x000000de8c000000,0x000000de8c100000) (1024K)]
  0x0000028d7f857140 JavaThread "Thread-14"                  daemon [_thread_in_native, id=1620, stack(0x000000de8c100000,0x000000de8c200000) (1024K)]
  0x0000028d7f8577d0 JavaThread "pool-2-thread-1"                   [_thread_blocked, id=21624, stack(0x000000de8c200000,0x000000de8c300000) (1024K)]
  0x0000028d7f8584f0 JavaThread "WorkspaceEventsHandler"            [_thread_blocked, id=8372, stack(0x000000de8c300000,0x000000de8c400000) (1024K)]
  0x0000028d7f857e60 JavaThread "pool-1-thread-1"                   [_thread_blocked, id=21004, stack(0x000000de8c400000,0x000000de8c500000) (1024K)]
=>0x0000028d7cd415c0 JavaThread "C2 CompilerThread1"         daemon [_thread_in_native, id=18916, stack(0x000000de8ad00000,0x000000de8ae00000) (1024K)]
  0x0000028d7cd41c90 JavaThread "C2 CompilerThread2"         daemon [_thread_blocked, id=24460, stack(0x000000de8af00000,0x000000de8b000000) (1024K)]
  0x0000028d7f855d90 JavaThread "Worker-6"                          [_thread_blocked, id=23496, stack(0x000000de8c500000,0x000000de8c600000) (1024K)]
  0x0000028d7dd54aa0 JavaThread "LocalFile Deleter"          daemon [_thread_blocked, id=7244, stack(0x000000de8c700000,0x000000de8c800000) (1024K)]
  0x0000028d7dd53060 JavaThread "LocalFile Deleter"          daemon [_thread_blocked, id=23988, stack(0x000000de8c800000,0x000000de8c900000) (1024K)]
  0x0000028d7dd53d80 JavaThread "LocalFile Deleter"          daemon [_thread_blocked, id=15732, stack(0x000000de8c900000,0x000000de8ca00000) (1024K)]
  0x0000028d7dd55e50 JavaThread "LocalFile Deleter"          daemon [_thread_blocked, id=8152, stack(0x000000de8ca00000,0x000000de8cb00000) (1024K)]
  0x0000028d7dd55130 JavaThread "LocalFile Deleter"          daemon [_thread_blocked, id=19380, stack(0x000000de8cb00000,0x000000de8cc00000) (1024K)]
  0x0000028d7dd557c0 JavaThread "LocalFile Deleter"          daemon [_thread_blocked, id=9640, stack(0x000000de8cc00000,0x000000de8cd00000) (1024K)]
  0x0000028d7dd56b70 JavaThread "LocalFile Deleter"          daemon [_thread_blocked, id=18204, stack(0x000000de8cd00000,0x000000de8ce00000) (1024K)]
  0x0000028d7dd564e0 JavaThread "LocalFile Deleter"          daemon [_thread_blocked, id=4524, stack(0x000000de8ce00000,0x000000de8cf00000) (1024K)]
  0x0000028d7dd536f0 JavaThread "LocalFile Deleter"          daemon [_thread_blocked, id=7368, stack(0x000000de8cf00000,0x000000de8d000000) (1024K)]
  0x0000028d7dd57200 JavaThread "LocalFile Deleter"          daemon [_thread_blocked, id=20704, stack(0x000000de8d000000,0x000000de8d100000) (1024K)]
  0x0000028d7dd57890 JavaThread "LocalFile Deleter"          daemon [_thread_blocked, id=22536, stack(0x000000de8d100000,0x000000de8d200000) (1024K)]
  0x0000028d7dd54410 JavaThread "LocalFile Deleter"          daemon [_thread_blocked, id=23868, stack(0x000000de8d200000,0x000000de8d300000) (1024K)]
  0x0000028d7dd57f20 JavaThread "Compiler Source File Reader" daemon [_thread_blocked, id=15716, stack(0x000000de8d300000,0x000000de8d400000) (1024K)]
  0x0000028d7dd585b0 JavaThread "Compiler Source File Reader" daemon [_thread_blocked, id=23560, stack(0x000000de8d400000,0x000000de8d500000) (1024K)]
  0x0000028d7dd58c40 JavaThread "Compiler Source File Reader" daemon [_thread_blocked, id=20340, stack(0x000000de8d500000,0x000000de8d600000) (1024K)]
  0x0000028d7dd592d0 JavaThread "Compiler Source File Reader" daemon [_thread_blocked, id=18120, stack(0x000000de8d600000,0x000000de8d700000) (1024K)]
  0x0000028d7dd59960 JavaThread "Compiler Source File Reader" daemon [_thread_blocked, id=10804, stack(0x000000de8d700000,0x000000de8d800000) (1024K)]
  0x0000028d7dd59ff0 JavaThread "Compiler Source File Reader" daemon [_thread_blocked, id=17148, stack(0x000000de8d800000,0x000000de8d900000) (1024K)]
  0x0000028d7dd5a680 JavaThread "Compiler Source File Reader" daemon [_thread_blocked, id=11028, stack(0x000000de8d900000,0x000000de8da00000) (1024K)]
  0x0000028d0a54e550 JavaThread "Compiler Source File Reader" daemon [_thread_blocked, id=16216, stack(0x000000de8da00000,0x000000de8db00000) (1024K)]
  0x0000028d0a54cb10 JavaThread "Compiler Source File Reader" daemon [_thread_blocked, id=23604, stack(0x000000de8db00000,0x000000de8dc00000) (1024K)]
  0x0000028d0a54c480 JavaThread "Compiler Source File Reader" daemon [_thread_blocked, id=23440, stack(0x000000de8dc00000,0x000000de8dd00000) (1024K)]
  0x0000028d0a54d1a0 JavaThread "Compiler Processing Task"   daemon [_thread_blocked, id=23584, stack(0x000000de88a00000,0x000000de88b00000) (1024K)]
  0x0000028d0a54ebe0 JavaThread "Compiler Class File Writer" daemon [_thread_blocked, id=22508, stack(0x000000de8c600000,0x000000de8c700000) (1024K)]
  0x0000028d0a54f270 JavaThread "Compiler Class File Writer" daemon [_thread_blocked, id=21756, stack(0x000000de8dd00000,0x000000de8de00000) (1024K)]
  0x0000028d0a54d830 JavaThread "Compiler Class File Writer" daemon [_thread_blocked, id=8832, stack(0x000000de8de00000,0x000000de8df00000) (1024K)]
  0x0000028d0a54bdf0 JavaThread "Compiler Class File Writer" daemon [_thread_blocked, id=10600, stack(0x000000de8df00000,0x000000de8e000000) (1024K)]
  0x0000028d0a551340 JavaThread "Compiler Class File Writer" daemon [_thread_blocked, id=14168, stack(0x000000de8e000000,0x000000de8e100000) (1024K)]
  0x0000028d0a54dec0 JavaThread "Compiler Class File Writer" daemon [_thread_blocked, id=21488, stack(0x000000de8e100000,0x000000de8e200000) (1024K)]
  0x0000028d0a550620 JavaThread "Compiler Class File Writer" daemon [_thread_blocked, id=21040, stack(0x000000de8e200000,0x000000de8e300000) (1024K)]
  0x0000028d0a54ff90 JavaThread "Compiler Class File Writer" daemon [_thread_blocked, id=20308, stack(0x000000de8e300000,0x000000de8e400000) (1024K)]
  0x0000028d0a552d80 JavaThread "Compiler Class File Writer" daemon [_thread_blocked, id=19760, stack(0x000000de8e400000,0x000000de8e500000) (1024K)]
  0x0000028d0a5526f0 JavaThread "Compiler Class File Writer" daemon [_thread_blocked, id=18500, stack(0x000000de8e500000,0x000000de8e600000) (1024K)]
Total: 78

Other Threads:
  0x0000028d339a4c00 VMThread "VM Thread"                           [id=23404, stack(0x000000de88e00000,0x000000de88f00000) (1024K)]
  0x0000028d3389ca10 WatcherThread "VM Periodic Task Thread"        [id=23272, stack(0x000000de88d00000,0x000000de88e00000) (1024K)]
  0x0000028d1cf3c210 WorkerThread "GC Thread#0"                     [id=16936, stack(0x000000de88c00000,0x000000de88d00000) (1024K)]
  0x0000028d7b043f50 WorkerThread "GC Thread#1"                     [id=23876, stack(0x000000de89a00000,0x000000de89b00000) (1024K)]
  0x0000028d7b0442f0 WorkerThread "GC Thread#2"                     [id=18388, stack(0x000000de89b00000,0x000000de89c00000) (1024K)]
  0x0000028d7b8829e0 WorkerThread "GC Thread#3"                     [id=18572, stack(0x000000de89c00000,0x000000de89d00000) (1024K)]
  0x0000028d7b5d0e40 WorkerThread "GC Thread#4"                     [id=3972, stack(0x000000de89d00000,0x000000de89e00000) (1024K)]
  0x0000028d7b5d1580 WorkerThread "GC Thread#5"                     [id=22988, stack(0x000000de89e00000,0x000000de89f00000) (1024K)]
  0x0000028d7b5d11e0 WorkerThread "GC Thread#6"                     [id=23820, stack(0x000000de89f00000,0x000000de8a000000) (1024K)]
  0x0000028d7b5d1920 WorkerThread "GC Thread#7"                     [id=23996, stack(0x000000de8a000000,0x000000de8a100000) (1024K)]
  0x0000028d7b5d1cc0 WorkerThread "GC Thread#8"                     [id=14364, stack(0x000000de8a500000,0x000000de8a600000) (1024K)]
  0x0000028d7b5d2060 WorkerThread "GC Thread#9"                     [id=24480, stack(0x000000de8a600000,0x000000de8a700000) (1024K)]
Total: 12

Threads with active compile tasks:
C2 CompilerThread0  94663 12902       4       org.lombokweb.asm.SymbolTable::<init> (554 bytes)
C2 CompilerThread1  94663 13007       4       org.eclipse.core.runtime.Path::<init> (9 bytes)
C2 CompilerThread2  94664 13019       4       org.eclipse.jdt.internal.compiler.parser.Parser::consumeRule (7748 bytes)
Total: 3

VM state: at safepoint (normal execution)

VM Mutex/Monitor currently owned by a thread:  ([mutex/lock_event])
[0x00007ffa28465458] Threads_lock - owner thread: 0x0000028d339a4c00
[0x00007ffa28465558] Heap_lock - owner thread: 0x0000028d7bc84980

Heap address: 0x0000000080000000, size: 2048 MB, Compressed Oops mode: 32-bit

CDS archive(s) mapped at: [0x0000028d34000000-0x0000028d34ba0000-0x0000028d34ba0000), size 12189696, SharedBaseAddress: 0x0000028d34000000, ArchiveRelocationMode: 1.
Compressed class space mapped at: 0x0000028d35000000-0x0000028d75000000, reserved size: 1073741824
Narrow klass base: 0x0000028d34000000, Narrow klass shift: 0, Narrow klass range: 0x100000000

GC Precious Log:
 CardTable entry size: 512
 CPUs: 12 total, 12 available
 Memory: 16128M
 Large Page Support: Disabled
 NUMA Support: Disabled
 Compressed Oops: Enabled (32-bit)
 Alignments: Space 512K, Generation 512K, Heap 2M
 Heap Min Capacity: 100M
 Heap Initial Capacity: 100M
 Heap Max Capacity: 2G
 Pre-touch: Disabled
 Parallel Workers: 10

Heap:
 PSYoungGen      total 9216K, used 9187K [0x00000000d5580000, 0x00000000d6580000, 0x0000000100000000)
  eden space 6144K, 100% used [0x00000000d5580000,0x00000000d5b80000,0x00000000d5b80000)
  from space 3072K, 99% used [0x00000000d5c80000,0x00000000d5f78d00,0x00000000d5f80000)
  to   space 5120K, 72% used [0x00000000d6080000,0x00000000d641f5d8,0x00000000d6580000)
 ParOldGen       total 232960K, used 232481K [0x0000000080000000, 0x000000008e380000, 0x00000000d5580000)
  object space 232960K, 99% used [0x0000000080000000,0x000000008e308770,0x000000008e380000)
 Metaspace       used 70791K, committed 72384K, reserved 1114112K
  class space    used 7547K, committed 8256K, reserved 1048576K

Card table byte_map: [0x0000028d1c8c0000,0x0000028d1ccd0000] _byte_map_base: 0x0000028d1c4c0000

Marking Bits: (ParMarkBitMap*) 0x00007ffa2846a340
 Begin Bits: [0x0000028d2f3c0000, 0x0000028d313c0000)
 End Bits:   [0x0000028d313c0000, 0x0000028d333c0000)

Polling page: 0x0000028d1add0000

Metaspace:

Usage:
  Non-class:     61.76 MB used.
      Class:      7.37 MB used.
       Both:     69.13 MB used.

Virtual space:
  Non-class space:       64.00 MB reserved,      62.62 MB ( 98%) committed,  1 nodes.
      Class space:        1.00 GB reserved,       8.06 MB ( <1%) committed,  1 nodes.
             Both:        1.06 GB reserved,      70.69 MB (  6%) committed. 

Chunk freelists:
   Non-Class:  1.28 MB
       Class:  7.95 MB
        Both:  9.23 MB

MaxMetaspaceSize: unlimited
CompressedClassSpaceSize: 1.00 GB
Initial GC threshold: 21.00 MB
Current GC threshold: 115.94 MB
CDS: on
 - commit_granule_bytes: 65536.
 - commit_granule_words: 8192.
 - virtual_space_node_default_size: 8388608.
 - enlarge_chunks_in_place: 1.
 - use_allocation_guard: 0.


Internal statistics:

num_allocs_failed_limit: 11.
num_arena_births: 1236.
num_arena_deaths: 52.
num_vsnodes_births: 2.
num_vsnodes_deaths: 0.
num_space_committed: 1131.
num_space_uncommitted: 0.
num_chunks_returned_to_freelist: 69.
num_chunks_taken_from_freelist: 4522.
num_chunk_merges: 17.
num_chunk_splits: 2692.
num_chunks_enlarged: 1474.
num_inconsistent_stats: 0.

CodeHeap 'non-profiled nmethods': size=120000Kb used=6992Kb max_used=7787Kb free=113007Kb
 bounds [0x0000028d27be0000, 0x0000028d28380000, 0x0000028d2f110000]
CodeHeap 'profiled nmethods': size=120000Kb used=22300Kb max_used=24965Kb free=97699Kb
 bounds [0x0000028d20110000, 0x0000028d219b0000, 0x0000028d27640000]
CodeHeap 'non-nmethods': size=5760Kb used=1491Kb max_used=1546Kb free=4268Kb
 bounds [0x0000028d27640000, 0x0000028d278b0000, 0x0000028d27be0000]
CodeCache: size=245760Kb, used=30783Kb, max_used=34298Kb, free=214974Kb
 total_blobs=11364, nmethods=10576, adapters=691, full_count=0
Compilation: enabled, stopped_count=0, restarted_count=0

Compilation events (20 events):
Event: 94.189 Thread 0x0000028d7cd41c90 nmethod 13002 0x0000028d27c5be10 code [0x0000028d27c5bfe0, 0x0000028d27c5c320]
Event: 94.190 Thread 0x0000028d7cd41c90 13009       4       java.net.URI$Parser::parse (243 bytes)
Event: 94.221 Thread 0x0000028d1cfde470 13012       3       org.eclipse.core.internal.events.NotificationManager::requestNotify (57 bytes)
Event: 94.223 Thread 0x0000028d1cfde470 nmethod 13012 0x0000028d217a7310 code [0x0000028d217a7520, 0x0000028d217a7b68]
Event: 94.233 Thread 0x0000028d1cfde470 13013       3       java.io.File::toString (5 bytes)
Event: 94.233 Thread 0x0000028d1cfde470 nmethod 13013 0x0000028d20bd5f10 code [0x0000028d20bd60a0, 0x0000028d20bd61c0]
Event: 94.246 Thread 0x0000028d7cd415c0 nmethod 13001 0x0000028d27f41c10 code [0x0000028d27f42060, 0x0000028d27f43a90]
Event: 94.247 Thread 0x0000028d1cfde470 13014       3       java.lang.Math::abs (11 bytes)
Event: 94.248 Thread 0x0000028d1cfde470 nmethod 13014 0x0000028d20ca1390 code [0x0000028d20ca1540, 0x0000028d20ca16a0]
Event: 94.249 Thread 0x0000028d7cd415c0 13010       4       java.net.URI$Parser::checkChar (14 bytes)
Event: 94.283 Thread 0x0000028d7cd415c0 nmethod 13010 0x0000028d27c5af10 code [0x0000028d27c5b100, 0x0000028d27c5b7c8]
Event: 94.283 Thread 0x0000028d7cd415c0 13008   !   4       java.io.WinNTFileSystem::getBooleanAttributes (27 bytes)
Event: 94.288 Thread 0x0000028d7cd415c0 nmethod 13008 0x0000028d27e33c10 code [0x0000028d27e33dc0, 0x0000028d27e33f10]
Event: 94.288 Thread 0x0000028d7cd415c0 13007       4       org.eclipse.core.runtime.Path::<init> (9 bytes)
Event: 94.300 Thread 0x0000028d1cfde470 13016       3       org.eclipse.jdt.internal.core.builder.ClasspathLocation::reset (1 bytes)
Event: 94.300 Thread 0x0000028d1cfde470 nmethod 13016 0x0000028d20bbd090 code [0x0000028d20bbd220, 0x0000028d20bbd328]
Event: 94.305 Thread 0x0000028d7cd41c90 nmethod 13009 0x0000028d281fa490 code [0x0000028d281fa7e0, 0x0000028d281fbe90]
Event: 94.306 Thread 0x0000028d7cd41c90 13017       4       org.eclipse.core.runtime.Path::<init> (161 bytes)
Event: 94.309 Thread 0x0000028d1cfde470 13018       3       org.eclipse.jdt.internal.compiler.ast.ASTNode::<init> (11 bytes)
Event: 94.310 Thread 0x0000028d1cfde470 nmethod 13018 0x0000028d214f0510 code [0x0000028d214f06c0, 0x0000028d214f0830]

GC Heap History (20 events):
Event: 93.430 GC heap before
{Heap before GC invocations=195 (full 5):
 PSYoungGen      total 5632K, used 5123K [0x00000000d5580000, 0x00000000d5d00000, 0x0000000100000000)
  eden space 4096K, 99% used [0x00000000d5580000,0x00000000d597f708,0x00000000d5980000)
  from space 1536K, 67% used [0x00000000d5980000,0x00000000d5a81620,0x00000000d5b00000)
  to   space 1536K, 0% used [0x00000000d5b80000,0x00000000d5b80000,0x00000000d5d00000)
 ParOldGen       total 221184K, used 221164K [0x0000000080000000, 0x000000008d800000, 0x00000000d5580000)
  object space 221184K, 99% used [0x0000000080000000,0x000000008d7fb3c0,0x000000008d800000)
 Metaspace       used 70404K, committed 71936K, reserved 1114112K
  class space    used 7494K, committed 8192K, reserved 1048576K
}
Event: 93.432 GC heap after
{Heap after GC invocations=195 (full 5):
 PSYoungGen      total 6144K, used 1379K [0x00000000d5580000, 0x00000000d5d00000, 0x0000000100000000)
  eden space 4608K, 0% used [0x00000000d5580000,0x00000000d5580000,0x00000000d5a00000)
  from space 1536K, 89% used [0x00000000d5b80000,0x00000000d5cd8cd0,0x00000000d5d00000)
  to   space 1536K, 0% used [0x00000000d5a00000,0x00000000d5a00000,0x00000000d5b80000)
 ParOldGen       total 221184K, used 221164K [0x0000000080000000, 0x000000008d800000, 0x00000000d5580000)
  object space 221184K, 99% used [0x0000000080000000,0x000000008d7fb3c0,0x000000008d800000)
 Metaspace       used 70404K, committed 71936K, reserved 1114112K
  class space    used 7494K, committed 8192K, reserved 1048576K
}
Event: 93.503 GC heap before
{Heap before GC invocations=196 (full 5):
 PSYoungGen      total 6144K, used 5958K [0x00000000d5580000, 0x00000000d5d00000, 0x0000000100000000)
  eden space 4608K, 99% used [0x00000000d5580000,0x00000000d59f8ed0,0x00000000d5a00000)
  from space 1536K, 89% used [0x00000000d5b80000,0x00000000d5cd8cd0,0x00000000d5d00000)
  to   space 1536K, 0% used [0x00000000d5a00000,0x00000000d5a00000,0x00000000d5b80000)
 ParOldGen       total 221184K, used 221164K [0x0000000080000000, 0x000000008d800000, 0x00000000d5580000)
  object space 221184K, 99% used [0x0000000080000000,0x000000008d7fb3c0,0x000000008d800000)
 Metaspace       used 70431K, committed 71936K, reserved 1114112K
  class space    used 7502K, committed 8192K, reserved 1048576K
}
Event: 93.507 GC heap after
{Heap after GC invocations=196 (full 5):
 PSYoungGen      total 6144K, used 1530K [0x00000000d5580000, 0x00000000d6080000, 0x0000000100000000)
  eden space 4608K, 0% used [0x00000000d5580000,0x00000000d5580000,0x00000000d5a00000)
  from space 1536K, 99% used [0x00000000d5a00000,0x00000000d5b7e9e0,0x00000000d5b80000)
  to   space 3072K, 0% used [0x00000000d5d80000,0x00000000d5d80000,0x00000000d6080000)
 ParOldGen       total 222208K, used 222175K [0x0000000080000000, 0x000000008d900000, 0x00000000d5580000)
  object space 222208K, 99% used [0x0000000080000000,0x000000008d8f7e58,0x000000008d900000)
 Metaspace       used 70431K, committed 71936K, reserved 1114112K
  class space    used 7502K, committed 8192K, reserved 1048576K
}
Event: 93.545 GC heap before
{Heap before GC invocations=197 (full 5):
 PSYoungGen      total 6144K, used 6138K [0x00000000d5580000, 0x00000000d6080000, 0x0000000100000000)
  eden space 4608K, 100% used [0x00000000d5580000,0x00000000d5a00000,0x00000000d5a00000)
  from space 1536K, 99% used [0x00000000d5a00000,0x00000000d5b7e9e0,0x00000000d5b80000)
  to   space 3072K, 0% used [0x00000000d5d80000,0x00000000d5d80000,0x00000000d6080000)
 ParOldGen       total 222208K, used 222175K [0x0000000080000000, 0x000000008d900000, 0x00000000d5580000)
  object space 222208K, 99% used [0x0000000080000000,0x000000008d8f7e58,0x000000008d900000)
 Metaspace       used 70518K, committed 72000K, reserved 1114112K
  class space    used 7518K, committed 8192K, reserved 1048576K
}
Event: 93.550 GC heap after
{Heap after GC invocations=197 (full 5):
 PSYoungGen      total 7168K, used 1672K [0x00000000d5580000, 0x00000000d5f80000, 0x0000000100000000)
  eden space 5120K, 0% used [0x00000000d5580000,0x00000000d5580000,0x00000000d5a80000)
  from space 2048K, 81% used [0x00000000d5d80000,0x00000000d5f223d8,0x00000000d5f80000)
  to   space 2048K, 0% used [0x00000000d5b80000,0x00000000d5b80000,0x00000000d5d80000)
 ParOldGen       total 223232K, used 222938K [0x0000000080000000, 0x000000008da00000, 0x00000000d5580000)
  object space 223232K, 99% used [0x0000000080000000,0x000000008d9b6a28,0x000000008da00000)
 Metaspace       used 70518K, committed 72000K, reserved 1114112K
  class space    used 7518K, committed 8192K, reserved 1048576K
}
Event: 93.584 GC heap before
{Heap before GC invocations=198 (full 5):
 PSYoungGen      total 7168K, used 6792K [0x00000000d5580000, 0x00000000d5f80000, 0x0000000100000000)
  eden space 5120K, 100% used [0x00000000d5580000,0x00000000d5a80000,0x00000000d5a80000)
  from space 2048K, 81% used [0x00000000d5d80000,0x00000000d5f223d8,0x00000000d5f80000)
  to   space 2048K, 0% used [0x00000000d5b80000,0x00000000d5b80000,0x00000000d5d80000)
 ParOldGen       total 223232K, used 222938K [0x0000000080000000, 0x000000008da00000, 0x00000000d5580000)
  object space 223232K, 99% used [0x0000000080000000,0x000000008d9b6a28,0x000000008da00000)
 Metaspace       used 70555K, committed 72128K, reserved 1114112K
  class space    used 7526K, committed 8256K, reserved 1048576K
}
Event: 93.589 GC heap after
{Heap after GC invocations=198 (full 5):
 PSYoungGen      total 7680K, used 2038K [0x00000000d5580000, 0x00000000d6100000, 0x0000000100000000)
  eden space 5632K, 0% used [0x00000000d5580000,0x00000000d5580000,0x00000000d5b00000)
  from space 2048K, 99% used [0x00000000d5b80000,0x00000000d5d7d908,0x00000000d5d80000)
  to   space 3072K, 0% used [0x00000000d5e00000,0x00000000d5e00000,0x00000000d6100000)
 ParOldGen       total 223744K, used 223631K [0x0000000080000000, 0x000000008da80000, 0x00000000d5580000)
  object space 223744K, 99% used [0x0000000080000000,0x000000008da63f88,0x000000008da80000)
 Metaspace       used 70555K, committed 72128K, reserved 1114112K
  class space    used 7526K, committed 8256K, reserved 1048576K
}
Event: 93.646 GC heap before
{Heap before GC invocations=199 (full 5):
 PSYoungGen      total 7680K, used 7670K [0x00000000d5580000, 0x00000000d6100000, 0x0000000100000000)
  eden space 5632K, 100% used [0x00000000d5580000,0x00000000d5b00000,0x00000000d5b00000)
  from space 2048K, 99% used [0x00000000d5b80000,0x00000000d5d7d908,0x00000000d5d80000)
  to   space 3072K, 0% used [0x00000000d5e00000,0x00000000d5e00000,0x00000000d6100000)
 ParOldGen       total 223744K, used 223631K [0x0000000080000000, 0x000000008da80000, 0x00000000d5580000)
  object space 223744K, 99% used [0x0000000080000000,0x000000008da63f88,0x000000008da80000)
 Metaspace       used 70593K, committed 72128K, reserved 1114112K
  class space    used 7537K, committed 8256K, reserved 1048576K
}
Event: 93.652 GC heap after
{Heap after GC invocations=199 (full 5):
 PSYoungGen      total 9216K, used 2309K [0x00000000d5580000, 0x00000000d6100000, 0x0000000100000000)
  eden space 6144K, 0% used [0x00000000d5580000,0x00000000d5580000,0x00000000d5b80000)
  from space 3072K, 75% used [0x00000000d5e00000,0x00000000d60414c0,0x00000000d6100000)
  to   space 2560K, 0% used [0x00000000d5b80000,0x00000000d5b80000,0x00000000d5e00000)
 ParOldGen       total 225280K, used 224777K [0x0000000080000000, 0x000000008dc00000, 0x00000000d5580000)
  object space 225280K, 99% used [0x0000000080000000,0x000000008db82450,0x000000008dc00000)
 Metaspace       used 70593K, committed 72128K, reserved 1114112K
  class space    used 7537K, committed 8256K, reserved 1048576K
}
Event: 93.781 GC heap before
{Heap before GC invocations=200 (full 5):
 PSYoungGen      total 9216K, used 8453K [0x00000000d5580000, 0x00000000d6100000, 0x0000000100000000)
  eden space 6144K, 100% used [0x00000000d5580000,0x00000000d5b80000,0x00000000d5b80000)
  from space 3072K, 75% used [0x00000000d5e00000,0x00000000d60414c0,0x00000000d6100000)
  to   space 2560K, 0% used [0x00000000d5b80000,0x00000000d5b80000,0x00000000d5e00000)
 ParOldGen       total 225280K, used 224777K [0x0000000080000000, 0x000000008dc00000, 0x00000000d5580000)
  object space 225280K, 99% used [0x0000000080000000,0x000000008db82450,0x000000008dc00000)
 Metaspace       used 70604K, committed 72128K, reserved 1114112K
  class space    used 7539K, committed 8256K, reserved 1048576K
}
Event: 93.788 GC heap after
{Heap after GC invocations=200 (full 5):
 PSYoungGen      total 8704K, used 2544K [0x00000000d5580000, 0x00000000d6480000, 0x0000000100000000)
  eden space 6144K, 0% used [0x00000000d5580000,0x00000000d5580000,0x00000000d5b80000)
  from space 2560K, 99% used [0x00000000d5b80000,0x00000000d5dfc010,0x00000000d5e00000)
  to   space 4096K, 0% used [0x00000000d6080000,0x00000000d6080000,0x00000000d6480000)
 ParOldGen       total 226304K, used 226004K [0x0000000080000000, 0x000000008dd00000, 0x00000000d5580000)
  object space 226304K, 99% used [0x0000000080000000,0x000000008dcb5140,0x000000008dd00000)
 Metaspace       used 70604K, committed 72128K, reserved 1114112K
  class space    used 7539K, committed 8256K, reserved 1048576K
}
Event: 93.930 GC heap before
{Heap before GC invocations=201 (full 5):
 PSYoungGen      total 8704K, used 8675K [0x00000000d5580000, 0x00000000d6480000, 0x0000000100000000)
  eden space 6144K, 99% used [0x00000000d5580000,0x00000000d5b7cc08,0x00000000d5b80000)
  from space 2560K, 99% used [0x00000000d5b80000,0x00000000d5dfc010,0x00000000d5e00000)
  to   space 4096K, 0% used [0x00000000d6080000,0x00000000d6080000,0x00000000d6480000)
 ParOldGen       total 226304K, used 226004K [0x0000000080000000, 0x000000008dd00000, 0x00000000d5580000)
  object space 226304K, 99% used [0x0000000080000000,0x000000008dcb5140,0x000000008dd00000)
 Metaspace       used 70775K, committed 72384K, reserved 1114112K
  class space    used 7547K, committed 8256K, reserved 1048576K
}
Event: 93.937 GC heap after
{Heap after GC invocations=201 (full 5):
 PSYoungGen      total 8704K, used 2381K [0x00000000d5580000, 0x00000000d6300000, 0x0000000100000000)
  eden space 6144K, 0% used [0x00000000d5580000,0x00000000d5580000,0x00000000d5b80000)
  from space 2560K, 93% used [0x00000000d6080000,0x00000000d62d35f0,0x00000000d6300000)
  to   space 3072K, 0% used [0x00000000d5d00000,0x00000000d5d00000,0x00000000d6000000)
 ParOldGen       total 227840K, used 227354K [0x0000000080000000, 0x000000008de80000, 0x00000000d5580000)
  object space 227840K, 99% used [0x0000000080000000,0x000000008de06868,0x000000008de80000)
 Metaspace       used 70775K, committed 72384K, reserved 1114112K
  class space    used 7547K, committed 8256K, reserved 1048576K
}
Event: 94.100 GC heap before
{Heap before GC invocations=202 (full 5):
 PSYoungGen      total 8704K, used 8525K [0x00000000d5580000, 0x00000000d6300000, 0x0000000100000000)
  eden space 6144K, 100% used [0x00000000d5580000,0x00000000d5b80000,0x00000000d5b80000)
  from space 2560K, 93% used [0x00000000d6080000,0x00000000d62d35f0,0x00000000d6300000)
  to   space 3072K, 0% used [0x00000000d5d00000,0x00000000d5d00000,0x00000000d6000000)
 ParOldGen       total 227840K, used 227354K [0x0000000080000000, 0x000000008de80000, 0x00000000d5580000)
  object space 227840K, 99% used [0x0000000080000000,0x000000008de06868,0x000000008de80000)
 Metaspace       used 70789K, committed 72384K, reserved 1114112K
  class space    used 7547K, committed 8256K, reserved 1048576K
}
Event: 94.106 GC heap after
{Heap after GC invocations=202 (full 5):
 PSYoungGen      total 9216K, used 3067K [0x00000000d5580000, 0x00000000d6380000, 0x0000000100000000)
  eden space 6144K, 0% used [0x00000000d5580000,0x00000000d5580000,0x00000000d5b80000)
  from space 3072K, 99% used [0x00000000d5d00000,0x00000000d5ffee58,0x00000000d6000000)
  to   space 3584K, 0% used [0x00000000d6000000,0x00000000d6000000,0x00000000d6380000)
 ParOldGen       total 228352K, used 227863K [0x0000000080000000, 0x000000008df00000, 0x00000000d5580000)
  object space 228352K, 99% used [0x0000000080000000,0x000000008de85e30,0x000000008df00000)
 Metaspace       used 70789K, committed 72384K, reserved 1114112K
  class space    used 7547K, committed 8256K, reserved 1048576K
}
Event: 94.269 GC heap before
{Heap before GC invocations=203 (full 5):
 PSYoungGen      total 9216K, used 9211K [0x00000000d5580000, 0x00000000d6380000, 0x0000000100000000)
  eden space 6144K, 100% used [0x00000000d5580000,0x00000000d5b80000,0x00000000d5b80000)
  from space 3072K, 99% used [0x00000000d5d00000,0x00000000d5ffee58,0x00000000d6000000)
  to   space 3584K, 0% used [0x00000000d6000000,0x00000000d6000000,0x00000000d6380000)
 ParOldGen       total 228352K, used 227863K [0x0000000080000000, 0x000000008df00000, 0x00000000d5580000)
  object space 228352K, 99% used [0x0000000080000000,0x000000008de85e30,0x000000008df00000)
 Metaspace       used 70791K, committed 72384K, reserved 1114112K
  class space    used 7547K, committed 8256K, reserved 1048576K
}
Event: 94.277 GC heap after
{Heap after GC invocations=203 (full 5):
 PSYoungGen      total 8704K, used 2321K [0x00000000d5580000, 0x00000000d6280000, 0x0000000100000000)
  eden space 6144K, 0% used [0x00000000d5580000,0x00000000d5580000,0x00000000d5b80000)
  from space 2560K, 90% used [0x00000000d6000000,0x00000000d6244658,0x00000000d6280000)
  to   space 3072K, 0% used [0x00000000d5c80000,0x00000000d5c80000,0x00000000d5f80000)
 ParOldGen       total 230400K, used 229895K [0x0000000080000000, 0x000000008e100000, 0x00000000d5580000)
  object space 230400K, 99% used [0x0000000080000000,0x000000008e081e38,0x000000008e100000)
 Metaspace       used 70791K, committed 72384K, reserved 1114112K
  class space    used 7547K, committed 8256K, reserved 1048576K
}
Event: 94.456 GC heap before
{Heap before GC invocations=204 (full 5):
 PSYoungGen      total 8704K, used 8155K [0x00000000d5580000, 0x00000000d6280000, 0x0000000100000000)
  eden space 6144K, 94% used [0x00000000d5580000,0x00000000d5b326e0,0x00000000d5b80000)
  from space 2560K, 90% used [0x00000000d6000000,0x00000000d6244658,0x00000000d6280000)
  to   space 3072K, 0% used [0x00000000d5c80000,0x00000000d5c80000,0x00000000d5f80000)
 ParOldGen       total 230400K, used 229895K [0x0000000080000000, 0x000000008e100000, 0x00000000d5580000)
  object space 230400K, 99% used [0x0000000080000000,0x000000008e081e38,0x000000008e100000)
 Metaspace       used 70791K, committed 72384K, reserved 1114112K
  class space    used 7547K, committed 8256K, reserved 1048576K
}
Event: 94.462 GC heap after
{Heap after GC invocations=204 (full 5):
 PSYoungGen      total 9216K, used 3043K [0x00000000d5580000, 0x00000000d6580000, 0x0000000100000000)
  eden space 6144K, 0% used [0x00000000d5580000,0x00000000d5580000,0x00000000d5b80000)
  from space 3072K, 99% used [0x00000000d5c80000,0x00000000d5f78d00,0x00000000d5f80000)
  to   space 5120K, 0% used [0x00000000d6080000,0x00000000d6080000,0x00000000d6580000)
 ParOldGen       total 231424K, used 231224K [0x0000000080000000, 0x000000008e200000, 0x00000000d5580000)
  object space 231424K, 99% used [0x0000000080000000,0x000000008e1ce358,0x000000008e200000)
 Metaspace       used 70791K, committed 72384K, reserved 1114112K
  class space    used 7547K, committed 8256K, reserved 1048576K
}

Dll operation events (14 events):
Event: 0.142 Loaded shared library c:\Users\porwa\.trae\extensions\redhat.java-1.44.0-win32-x64\jre\21.0.8-win32-x86_64\bin\java.dll
Event: 0.485 Loaded shared library c:\Users\porwa\.trae\extensions\redhat.java-1.44.0-win32-x64\jre\21.0.8-win32-x86_64\bin\zip.dll
Event: 0.564 Loaded shared library C:\Users\porwa\.trae\extensions\redhat.java-1.44.0-win32-x64\jre\21.0.8-win32-x86_64\bin\instrument.dll
Event: 0.581 Loaded shared library C:\Users\porwa\.trae\extensions\redhat.java-1.44.0-win32-x64\jre\21.0.8-win32-x86_64\bin\net.dll
Event: 0.589 Loaded shared library C:\Users\porwa\.trae\extensions\redhat.java-1.44.0-win32-x64\jre\21.0.8-win32-x86_64\bin\nio.dll
Event: 0.600 Loaded shared library C:\Users\porwa\.trae\extensions\redhat.java-1.44.0-win32-x64\jre\21.0.8-win32-x86_64\bin\zip.dll
Event: 0.665 Loaded shared library C:\Users\porwa\.trae\extensions\redhat.java-1.44.0-win32-x64\jre\21.0.8-win32-x86_64\bin\jimage.dll
Event: 0.992 Loaded shared library c:\Users\porwa\.trae\extensions\redhat.java-1.44.0-win32-x64\jre\21.0.8-win32-x86_64\bin\verify.dll
Event: 28.752 Loaded shared library C:\Users\porwa\AppData\Roaming\Trae\User\globalStorage\redhat.java\1.44.0\config_win\org.eclipse.equinox.launcher\org.eclipse.equinox.launcher.win32.win32.x86_64_1.2.1400.v20250730-1736\eclipse_11913.dll
Event: 51.908 Loaded shared library C:\Users\porwa\.trae\extensions\redhat.java-1.44.0-win32-x64\jre\21.0.8-win32-x86_64\bin\management.dll
Event: 51.924 Loaded shared library C:\Users\porwa\.trae\extensions\redhat.java-1.44.0-win32-x64\jre\21.0.8-win32-x86_64\bin\management_ext.dll
Event: 58.356 Loaded shared library C:\Users\porwa\AppData\Local\Temp\jna-106854493\jna954538832553989619.dll
Event: 59.231 Loaded shared library C:\Users\porwa\.trae\extensions\redhat.java-1.44.0-win32-x64\jre\21.0.8-win32-x86_64\bin\sunmscapi.dll
Event: 60.651 Loaded shared library C:\Users\porwa\.trae\extensions\redhat.java-1.44.0-win32-x64\jre\21.0.8-win32-x86_64\bin\extnet.dll

Deoptimization events (20 events):
Event: 93.643 Thread 0x0000028d7bc856a0 DEOPT PACKING pc=0x0000028d27f13c9c sp=0x000000de8b4fd980
Event: 93.644 Thread 0x0000028d7bc856a0 DEOPT UNPACKING pc=0x0000028d27693aa2 sp=0x000000de8b4fd900 mode 2
Event: 93.644 Thread 0x0000028d7bc856a0 Uncommon trap: trap_request=0xffffff45 fr.pc=0x0000028d281bd98c relative=0x000000000000014c
Event: 93.644 Thread 0x0000028d7bc856a0 Uncommon trap: reason=unstable_if action=reinterpret pc=0x0000028d281bd98c method=org.eclipse.jdt.core.Signature.checkNextChar([CCIIZ)I @ 9 c2
Event: 93.644 Thread 0x0000028d7bc856a0 DEOPT PACKING pc=0x0000028d281bd98c sp=0x000000de8b4fd8b0
Event: 93.644 Thread 0x0000028d7bc856a0 DEOPT UNPACKING pc=0x0000028d27693aa2 sp=0x000000de8b4fd868 mode 2
Event: 93.644 Thread 0x0000028d7bc856a0 Uncommon trap: trap_request=0xffffff45 fr.pc=0x0000028d27f7693c relative=0x0000000000000dbc
Event: 93.644 Thread 0x0000028d7bc856a0 Uncommon trap: reason=unstable_if action=reinterpret pc=0x0000028d27f7693c method=org.eclipse.jdt.core.Signature.encodeQualifiedName([CIILjava/lang/StringBuilder;)I @ 16 c2
Event: 93.644 Thread 0x0000028d7bc856a0 DEOPT PACKING pc=0x0000028d27f7693c sp=0x000000de8b4fd900
Event: 93.644 Thread 0x0000028d7bc856a0 DEOPT UNPACKING pc=0x0000028d27693aa2 sp=0x000000de8b4fd8e0 mode 2
Event: 93.658 Thread 0x0000028d7bc86a50 DEOPT PACKING pc=0x0000028d208b8dac sp=0x000000de8b0fe670
Event: 93.658 Thread 0x0000028d7bc86a50 DEOPT UNPACKING pc=0x0000028d27694242 sp=0x000000de8b0fdad8 mode 0
Event: 93.721 Thread 0x0000028d7bc86a50 DEOPT PACKING pc=0x0000028d20badb8e sp=0x000000de8b0fe5c0
Event: 93.721 Thread 0x0000028d7bc86a50 DEOPT UNPACKING pc=0x0000028d27694242 sp=0x000000de8b0fdab8 mode 0
Event: 93.772 Thread 0x0000028d7bc86a50 DEOPT PACKING pc=0x0000028d208b8dac sp=0x000000de8b0fe670
Event: 93.772 Thread 0x0000028d7bc86a50 DEOPT UNPACKING pc=0x0000028d27694242 sp=0x000000de8b0fdad8 mode 0
Event: 94.327 Thread 0x0000028d7bc84980 Uncommon trap: trap_request=0xffffff45 fr.pc=0x0000028d27cc5fb0 relative=0x0000000000000710
Event: 94.328 Thread 0x0000028d7bc84980 Uncommon trap: reason=unstable_if action=reinterpret pc=0x0000028d27cc5fb0 method=org.eclipse.jdt.internal.core.builder.ClasspathJar.isPackage(Ljava/lang/String;Ljava/lang/String;)Z @ 36 c2
Event: 94.328 Thread 0x0000028d7bc84980 DEOPT PACKING pc=0x0000028d27cc5fb0 sp=0x000000de8abfe400
Event: 94.328 Thread 0x0000028d7bc84980 DEOPT UNPACKING pc=0x0000028d27693aa2 sp=0x000000de8abfe3c0 mode 2

Classes loaded (20 events):
Event: 89.929 Loading class java/nio/file/Files$2
Event: 89.929 Loading class java/nio/file/Files$2 done
Event: 91.212 Loading class jdk/internal/module/IllegalAccessLogger
Event: 91.212 Loading class jdk/internal/module/IllegalAccessLogger done
Event: 91.263 Loading class java/util/concurrent/ArrayBlockingQueue
Event: 91.264 Loading class java/util/concurrent/ArrayBlockingQueue done
Event: 91.669 Loading class java/util/Hashtable$ValueCollection
Event: 91.670 Loading class java/util/Hashtable$ValueCollection done
Event: 91.681 Loading class java/util/stream/ReferencePipeline$4
Event: 91.682 Loading class java/util/stream/ReferencePipeline$4 done
Event: 91.683 Loading class java/util/stream/Nodes$IntFixedNodeBuilder
Event: 91.684 Loading class java/util/stream/Node$Builder$OfInt
Event: 91.684 Loading class java/util/stream/Node$Builder$OfInt done
Event: 91.684 Loading class java/util/stream/Nodes$IntArrayNode
Event: 91.685 Loading class java/util/stream/Nodes$IntArrayNode done
Event: 91.685 Loading class java/util/stream/Nodes$IntFixedNodeBuilder done
Event: 91.685 Loading class java/util/stream/ReferencePipeline$4$1
Event: 91.686 Loading class java/util/stream/ReferencePipeline$4$1 done
Event: 91.690 Loading class java/util/concurrent/ConcurrentHashMap$KeySpliterator
Event: 91.691 Loading class java/util/concurrent/ConcurrentHashMap$KeySpliterator done

Classes unloaded (20 events):
Event: 54.338 Thread 0x0000028d339a4c00 Unloading class 0x0000028d351a9000 'java/lang/invoke/LambdaForm$DMH+0x0000028d351a9000'
Event: 59.078 Thread 0x0000028d339a4c00 Unloading class 0x0000028d352c1800 'java/lang/invoke/LambdaForm$MH+0x0000028d352c1800'
Event: 59.078 Thread 0x0000028d339a4c00 Unloading class 0x0000028d352c0c00 'java/lang/invoke/LambdaForm$MH+0x0000028d352c0c00'
Event: 59.078 Thread 0x0000028d339a4c00 Unloading class 0x0000028d352c0400 'java/lang/invoke/LambdaForm$MH+0x0000028d352c0400'
Event: 59.078 Thread 0x0000028d339a4c00 Unloading class 0x0000028d352bf400 'java/lang/invoke/LambdaForm$MH+0x0000028d352bf400'
Event: 59.078 Thread 0x0000028d339a4c00 Unloading class 0x0000028d352bf000 'java/lang/invoke/LambdaForm$DMH+0x0000028d352bf000'
Event: 59.078 Thread 0x0000028d339a4c00 Unloading class 0x0000028d352be400 'java/lang/invoke/LambdaForm$MH+0x0000028d352be400'
Event: 59.078 Thread 0x0000028d339a4c00 Unloading class 0x0000028d352bb800 'java/lang/invoke/LambdaForm$DMH+0x0000028d352bb800'
Event: 59.078 Thread 0x0000028d339a4c00 Unloading class 0x0000028d352ba000 'java/lang/invoke/LambdaForm$MH+0x0000028d352ba000'
Event: 59.078 Thread 0x0000028d339a4c00 Unloading class 0x0000028d352b9800 'java/lang/invoke/LambdaForm$MH+0x0000028d352b9800'
Event: 59.079 Thread 0x0000028d339a4c00 Unloading class 0x0000028d352b9000 'java/lang/invoke/LambdaForm$MH+0x0000028d352b9000'
Event: 59.079 Thread 0x0000028d339a4c00 Unloading class 0x0000028d352b8800 'java/lang/invoke/LambdaForm$MH+0x0000028d352b8800'
Event: 59.079 Thread 0x0000028d339a4c00 Unloading class 0x0000028d352b8000 'java/lang/invoke/LambdaForm$MH+0x0000028d352b8000'
Event: 59.079 Thread 0x0000028d339a4c00 Unloading class 0x0000028d352b1800 'java/lang/invoke/LambdaForm$MH+0x0000028d352b1800'
Event: 59.079 Thread 0x0000028d339a4c00 Unloading class 0x0000028d352b1400 'java/lang/invoke/LambdaForm$MH+0x0000028d352b1400'
Event: 59.079 Thread 0x0000028d339a4c00 Unloading class 0x0000028d352b0c00 'java/lang/invoke/LambdaForm$DMH+0x0000028d352b0c00'
Event: 81.254 Thread 0x0000028d339a4c00 Unloading class 0x0000028d3565cc00 'java/lang/invoke/LambdaForm$DMH+0x0000028d3565cc00'
Event: 81.254 Thread 0x0000028d339a4c00 Unloading class 0x0000028d3565d000 'java/lang/invoke/LambdaForm$DMH+0x0000028d3565d000'
Event: 81.254 Thread 0x0000028d339a4c00 Unloading class 0x0000028d3565c800 'java/lang/invoke/LambdaForm$DMH+0x0000028d3565c800'
Event: 81.254 Thread 0x0000028d339a4c00 Unloading class 0x0000028d3565c400 'java/lang/invoke/LambdaForm$DMH+0x0000028d3565c400'

Classes redefined (0 events):
No events

Internal exceptions (20 events):
Event: 86.504 Thread 0x0000028d7dd54aa0 Exception <a 'sun/nio/fs/WindowsException'{0x00000000d5f6a7c0}> (0x00000000d5f6a7c0) 
thrown [s\src\hotspot\share\prims\jni.cpp, line 520]
Event: 86.509 Thread 0x0000028d7dd54aa0 Exception <a 'sun/nio/fs/WindowsException'{0x00000000d5f6ba88}> (0x00000000d5f6ba88) 
thrown [s\src\hotspot\share\prims\jni.cpp, line 520]
Event: 86.511 Thread 0x0000028d7dd53060 Exception <a 'sun/nio/fs/WindowsException'{0x00000000d6009b48}> (0x00000000d6009b48) 
thrown [s\src\hotspot\share\prims\jni.cpp, line 520]
Event: 86.517 Thread 0x0000028d7dd53060 Exception <a 'sun/nio/fs/WindowsException'{0x00000000d600be60}> (0x00000000d600be60) 
thrown [s\src\hotspot\share\prims\jni.cpp, line 520]
Event: 86.521 Thread 0x0000028d7dd56b70 Exception <a 'sun/nio/fs/WindowsException'{0x00000000d61105b8}> (0x00000000d61105b8) 
thrown [s\src\hotspot\share\prims\jni.cpp, line 520]
Event: 86.528 Thread 0x0000028d7dd57200 Exception <a 'sun/nio/fs/WindowsException'{0x00000000d61acc88}> (0x00000000d61acc88) 
thrown [s\src\hotspot\share\prims\jni.cpp, line 520]
Event: 86.530 Thread 0x0000028d7dd536f0 Exception <a 'sun/nio/fs/WindowsException'{0x00000000d61bdf78}> (0x00000000d61bdf78) 
thrown [s\src\hotspot\share\prims\jni.cpp, line 520]
Event: 86.531 Thread 0x0000028d7dd57890 Exception <a 'sun/nio/fs/WindowsException'{0x00000000d61ce3a8}> (0x00000000d61ce3a8) 
thrown [s\src\hotspot\share\prims\jni.cpp, line 520]
Event: 86.537 Thread 0x0000028d7dd54410 Exception <a 'sun/nio/fs/WindowsException'{0x00000000d61deea8}> (0x00000000d61deea8) 
thrown [s\src\hotspot\share\prims\jni.cpp, line 520]
Event: 86.548 Thread 0x0000028d7bc84980 Exception <a 'sun/nio/fs/WindowsException'{0x00000000d621d340}> (0x00000000d621d340) 
thrown [s\src\hotspot\share\prims\jni.cpp, line 520]
Event: 86.549 Thread 0x0000028d7dd55e50 Exception <a 'sun/nio/fs/WindowsException'{0x00000000d621e358}> (0x00000000d621e358) 
thrown [s\src\hotspot\share\prims\jni.cpp, line 520]
Event: 86.550 Thread 0x0000028d7dd55130 Exception <a 'sun/nio/fs/WindowsException'{0x00000000d6244ff8}> (0x00000000d6244ff8) 
thrown [s\src\hotspot\share\prims\jni.cpp, line 520]
Event: 91.125 Thread 0x0000028d7bc84980 Implicit null exception at 0x0000028d27d119c6 to 0x0000028d27d11a0f
Event: 91.466 Thread 0x0000028d0a54d1a0 Implicit null exception at 0x0000028d28325b52 to 0x0000028d283260b4
Event: 91.696 Thread 0x0000028d7bc84980 Exception <a 'java/lang/NoSuchMethodError'{0x00000000d5970360}: 'java.lang.Object java.lang.invoke.DirectMethodHandle$Holder.newInvokeSpecial(java.lang.Object, java.lang.Object, int, int, java.lang.Object)'> (0x00000000d5970360) 
thrown [s\src\hotspot\share\interpreter\linkResolver.cpp, line 773]
Event: 92.106 Thread 0x0000028d0a54d1a0 Exception <a 'java/lang/NoSuchMethodError'{0x00000000d57f4c98}: 'void java.lang.invoke.DirectMethodHandle$Holder.invokeStatic(java.lang.Object, int, java.lang.Object)'> (0x00000000d57f4c98) 
thrown [s\src\hotspot\share\interpreter\linkResolver.cpp, line 773]
Event: 92.162 Thread 0x0000028d0a54d1a0 Implicit null exception at 0x0000028d280a45a7 to 0x0000028d280a493c
Event: 94.231 Thread 0x0000028d7bc84980 Exception <a 'sun/nio/fs/WindowsException'{0x00000000d59bee28}> (0x00000000d59bee28) 
thrown [s\src\hotspot\share\prims\jni.cpp, line 520]
Event: 94.234 Thread 0x0000028d7dd55130 Exception <a 'sun/nio/fs/WindowsException'{0x00000000d59f4fa8}> (0x00000000d59f4fa8) 
thrown [s\src\hotspot\share\prims\jni.cpp, line 520]
Event: 94.236 Thread 0x0000028d7dd55e50 Exception <a 'sun/nio/fs/WindowsException'{0x00000000d5a11540}> (0x00000000d5a11540) 
thrown [s\src\hotspot\share\prims\jni.cpp, line 520]

ZGC Phase Switch (0 events):
No events

VM Operations (20 events):
Event: 93.468 Executing VM operation: HandshakeAllThreads (Deoptimize)
Event: 93.476 Executing VM operation: HandshakeAllThreads (Deoptimize) done
Event: 93.487 Executing VM operation: ParallelGCFailedAllocation (Allocation Failure)
Event: 93.507 Executing VM operation: ParallelGCFailedAllocation (Allocation Failure) done
Event: 93.545 Executing VM operation: ParallelGCFailedAllocation (Allocation Failure)
Event: 93.550 Executing VM operation: ParallelGCFailedAllocation (Allocation Failure) done
Event: 93.584 Executing VM operation: ParallelGCFailedAllocation (Allocation Failure)
Event: 93.589 Executing VM operation: ParallelGCFailedAllocation (Allocation Failure) done
Event: 93.646 Executing VM operation: ParallelGCFailedAllocation (Allocation Failure)
Event: 93.652 Executing VM operation: ParallelGCFailedAllocation (Allocation Failure) done
Event: 93.780 Executing VM operation: ParallelGCFailedAllocation (Allocation Failure)
Event: 93.788 Executing VM operation: ParallelGCFailedAllocation (Allocation Failure) done
Event: 93.918 Executing VM operation: ParallelGCFailedAllocation (Allocation Failure)
Event: 93.937 Executing VM operation: ParallelGCFailedAllocation (Allocation Failure) done
Event: 94.100 Executing VM operation: ParallelGCFailedAllocation (Allocation Failure)
Event: 94.106 Executing VM operation: ParallelGCFailedAllocation (Allocation Failure) done
Event: 94.269 Executing VM operation: ParallelGCFailedAllocation (Allocation Failure)
Event: 94.277 Executing VM operation: ParallelGCFailedAllocation (Allocation Failure) done
Event: 94.450 Executing VM operation: ParallelGCFailedAllocation (Allocation Failure)
Event: 94.462 Executing VM operation: ParallelGCFailedAllocation (Allocation Failure) done

Memory protections (0 events):
No events

Nmethod flushes (20 events):
Event: 92.278 Thread 0x0000028d339a4c00 flushing  nmethod 0x0000028d21836610
Event: 92.278 Thread 0x0000028d339a4c00 flushing  nmethod 0x0000028d2183bf10
Event: 92.278 Thread 0x0000028d339a4c00 flushing  nmethod 0x0000028d21844510
Event: 92.278 Thread 0x0000028d339a4c00 flushing  nmethod 0x0000028d2184cc10
Event: 92.278 Thread 0x0000028d339a4c00 flushing  nmethod 0x0000028d21850810
Event: 92.278 Thread 0x0000028d339a4c00 flushing  nmethod 0x0000028d21851110
Event: 92.278 Thread 0x0000028d339a4c00 flushing  nmethod 0x0000028d21851e10
Event: 92.278 Thread 0x0000028d339a4c00 flushing  nmethod 0x0000028d21852390
Event: 92.278 Thread 0x0000028d339a4c00 flushing  nmethod 0x0000028d218f3b90
Event: 92.278 Thread 0x0000028d339a4c00 flushing  nmethod 0x0000028d218ff090
Event: 92.278 Thread 0x0000028d339a4c00 flushing  nmethod 0x0000028d218ff490
Event: 92.278 Thread 0x0000028d339a4c00 flushing  nmethod 0x0000028d21912f10
Event: 92.278 Thread 0x0000028d339a4c00 flushing  nmethod 0x0000028d21915010
Event: 92.278 Thread 0x0000028d339a4c00 flushing  nmethod 0x0000028d21916090
Event: 92.278 Thread 0x0000028d339a4c00 flushing  nmethod 0x0000028d21916490
Event: 92.278 Thread 0x0000028d339a4c00 flushing  nmethod 0x0000028d21916c10
Event: 92.278 Thread 0x0000028d339a4c00 flushing  nmethod 0x0000028d21916f90
Event: 92.278 Thread 0x0000028d339a4c00 flushing  nmethod 0x0000028d21918990
Event: 92.278 Thread 0x0000028d339a4c00 flushing  nmethod 0x0000028d21938410
Event: 92.278 Thread 0x0000028d339a4c00 flushing  nmethod 0x0000028d21939a90

Events (20 events):
Event: 86.619 Thread 0x0000028d7bc84980 Thread added: 0x0000028d7dd58c40
Event: 86.619 Thread 0x0000028d7bc84980 Thread added: 0x0000028d7dd592d0
Event: 86.619 Thread 0x0000028d7bc84980 Thread added: 0x0000028d7dd59960
Event: 86.619 Thread 0x0000028d7bc84980 Thread added: 0x0000028d7dd59ff0
Event: 86.619 Thread 0x0000028d7bc84980 Thread added: 0x0000028d7dd5a680
Event: 86.619 Thread 0x0000028d7bc84980 Thread added: 0x0000028d0a54e550
Event: 86.619 Thread 0x0000028d7bc84980 Thread added: 0x0000028d0a54cb10
Event: 86.620 Thread 0x0000028d7dd585b0 Thread added: 0x0000028d0a54c480
Event: 88.693 Thread 0x0000028d7f858b80 Thread exited: 0x0000028d7f858b80
Event: 91.266 Thread 0x0000028d7bc84980 Thread added: 0x0000028d0a54d1a0
Event: 91.698 Thread 0x0000028d7bc84980 Thread added: 0x0000028d0a54ebe0
Event: 91.820 Thread 0x0000028d7bc84980 Thread added: 0x0000028d0a54f270
Event: 91.828 Thread 0x0000028d7bc84980 Thread added: 0x0000028d0a54d830
Event: 91.839 Thread 0x0000028d7bc84980 Thread added: 0x0000028d0a54bdf0
Event: 91.847 Thread 0x0000028d7bc84980 Thread added: 0x0000028d0a551340
Event: 91.980 Thread 0x0000028d7bc84980 Thread added: 0x0000028d0a54dec0
Event: 91.994 Thread 0x0000028d7bc84980 Thread added: 0x0000028d0a550620
Event: 92.061 Thread 0x0000028d7bc84980 Thread added: 0x0000028d0a54ff90
Event: 92.062 Thread 0x0000028d7bc84980 Thread added: 0x0000028d0a552d80
Event: 92.116 Thread 0x0000028d7bc84980 Thread added: 0x0000028d0a5526f0


Dynamic libraries:
0x00007ff6f5210000 - 0x00007ff6f521e000 	c:\Users\porwa\.trae\extensions\redhat.java-1.44.0-win32-x64\jre\21.0.8-win32-x86_64\bin\java.exe
0x00007ffae4be0000 - 0x00007ffae4e49000 	C:\WINDOWS\SYSTEM32\ntdll.dll
0x00007ffae4300000 - 0x00007ffae43c9000 	C:\WINDOWS\System32\KERNEL32.DLL
0x00007ffae2020000 - 0x00007ffae2413000 	C:\WINDOWS\System32\KERNELBASE.dll
0x00007ffae2420000 - 0x00007ffae256b000 	C:\WINDOWS\System32\ucrtbase.dll
0x00007ffac4b00000 - 0x00007ffac4b1e000 	c:\Users\porwa\.trae\extensions\redhat.java-1.44.0-win32-x64\jre\21.0.8-win32-x86_64\bin\VCRUNTIME140.dll
0x00007ffac4b20000 - 0x00007ffac4b38000 	c:\Users\porwa\.trae\extensions\redhat.java-1.44.0-win32-x64\jre\21.0.8-win32-x86_64\bin\jli.dll
0x00007ffac6800000 - 0x00007ffac6a93000 	C:\WINDOWS\WinSxS\amd64_microsoft.windows.common-controls_6595b64144ccf1df_6.0.26100.5074_none_3e0d6f78e32fd63f\COMCTL32.dll
0x00007ffae4770000 - 0x00007ffae4819000 	C:\WINDOWS\System32\msvcrt.dll
0x00007ffae43d0000 - 0x00007ffae4594000 	C:\WINDOWS\System32\USER32.dll
0x00007ffae2770000 - 0x00007ffae2797000 	C:\WINDOWS\System32\win32u.dll
0x00007ffae3810000 - 0x00007ffae383b000 	C:\WINDOWS\System32\GDI32.dll
0x00007ffae1ef0000 - 0x00007ffae201d000 	C:\WINDOWS\System32\gdi32full.dll
0x00007ffae2600000 - 0x00007ffae26a3000 	C:\WINDOWS\System32\msvcp_win.dll
0x00007ffae4990000 - 0x00007ffae49bf000 	C:\WINDOWS\System32\IMM32.DLL
0x00007ffaa41f0000 - 0x00007ffaa41fc000 	c:\Users\porwa\.trae\extensions\redhat.java-1.44.0-win32-x64\jre\21.0.8-win32-x86_64\bin\vcruntime140_1.dll
0x00007ffa80f50000 - 0x00007ffa80fdd000 	c:\Users\porwa\.trae\extensions\redhat.java-1.44.0-win32-x64\jre\21.0.8-win32-x86_64\bin\msvcp140.dll
0x00007ffa277b0000 - 0x00007ffa28547000 	c:\Users\porwa\.trae\extensions\redhat.java-1.44.0-win32-x64\jre\21.0.8-win32-x86_64\bin\server\jvm.dll
0x00007ffae4820000 - 0x00007ffae48d4000 	C:\WINDOWS\System32\ADVAPI32.dll
0x00007ffae48e0000 - 0x00007ffae4986000 	C:\WINDOWS\System32\sechost.dll
0x00007ffae40a0000 - 0x00007ffae41b8000 	C:\WINDOWS\System32\RPCRT4.dll
0x00007ffae3f40000 - 0x00007ffae3fb4000 	C:\WINDOWS\System32\WS2_32.dll
0x00007ffae1bf0000 - 0x00007ffae1c4e000 	C:\WINDOWS\SYSTEM32\POWRPROF.dll
0x00007ffad3750000 - 0x00007ffad3785000 	C:\WINDOWS\SYSTEM32\WINMM.dll
0x00007ffacbd90000 - 0x00007ffacbd9b000 	C:\WINDOWS\SYSTEM32\VERSION.dll
0x00007ffae1bd0000 - 0x00007ffae1be4000 	C:\WINDOWS\SYSTEM32\UMPDC.dll
0x00007ffae0b20000 - 0x00007ffae0b3b000 	C:\WINDOWS\SYSTEM32\kernel.appcore.dll
0x00007ffaa41e0000 - 0x00007ffaa41ea000 	c:\Users\porwa\.trae\extensions\redhat.java-1.44.0-win32-x64\jre\21.0.8-win32-x86_64\bin\jimage.dll
0x00007ffadf580000 - 0x00007ffadf7c2000 	C:\WINDOWS\SYSTEM32\DBGHELP.DLL
0x00007ffae29c0000 - 0x00007ffae2d3b000 	C:\WINDOWS\System32\combase.dll
0x00007ffae3fc0000 - 0x00007ffae4097000 	C:\WINDOWS\System32\OLEAUT32.dll
0x00007ffac2470000 - 0x00007ffac24ad000 	C:\WINDOWS\SYSTEM32\dbgcore.DLL
0x00007ffae27a0000 - 0x00007ffae2839000 	C:\WINDOWS\System32\bcryptPrimitives.dll
0x00007ffaa41b0000 - 0x00007ffaa41bf000 	c:\Users\porwa\.trae\extensions\redhat.java-1.44.0-win32-x64\jre\21.0.8-win32-x86_64\bin\instrument.dll
0x00007ffa99800000 - 0x00007ffa9981f000 	c:\Users\porwa\.trae\extensions\redhat.java-1.44.0-win32-x64\jre\21.0.8-win32-x86_64\bin\java.dll
0x00007ffae30c0000 - 0x00007ffae380d000 	C:\WINDOWS\System32\SHELL32.dll
0x00007ffae2840000 - 0x00007ffae29ac000 	C:\WINDOWS\System32\wintypes.dll
0x00007ffadf990000 - 0x00007ffae01e9000 	C:\WINDOWS\SYSTEM32\windows.storage.dll
0x00007ffae41c0000 - 0x00007ffae42b0000 	C:\WINDOWS\System32\SHCORE.dll
0x00007ffae4ab0000 - 0x00007ffae4b12000 	C:\WINDOWS\System32\shlwapi.dll
0x00007ffae1c90000 - 0x00007ffae1cb9000 	C:\WINDOWS\SYSTEM32\profapi.dll
0x00007ffaa41c0000 - 0x00007ffaa41d8000 	c:\Users\porwa\.trae\extensions\redhat.java-1.44.0-win32-x64\jre\21.0.8-win32-x86_64\bin\zip.dll
0x00007ffa9f640000 - 0x00007ffa9f650000 	C:\Users\porwa\.trae\extensions\redhat.java-1.44.0-win32-x64\jre\21.0.8-win32-x86_64\bin\net.dll
0x00007ffad7c10000 - 0x00007ffad7d2f000 	C:\WINDOWS\SYSTEM32\WINHTTP.dll
0x00007ffae10b0000 - 0x00007ffae111b000 	C:\WINDOWS\system32\mswsock.dll
0x00007ffa81a10000 - 0x00007ffa81a26000 	C:\Users\porwa\.trae\extensions\redhat.java-1.44.0-win32-x64\jre\21.0.8-win32-x86_64\bin\nio.dll
0x00007ffa99870000 - 0x00007ffa99880000 	c:\Users\porwa\.trae\extensions\redhat.java-1.44.0-win32-x64\jre\21.0.8-win32-x86_64\bin\verify.dll
0x00007ffa99af0000 - 0x00007ffa99b35000 	C:\Users\porwa\AppData\Roaming\Trae\User\globalStorage\redhat.java\1.44.0\config_win\org.eclipse.equinox.launcher\org.eclipse.equinox.launcher.win32.win32.x86_64_1.2.1400.v20250730-1736\eclipse_11913.dll
0x00007ffae2d40000 - 0x00007ffae2ed8000 	C:\WINDOWS\System32\ole32.dll
0x00007ffad60e0000 - 0x00007ffad60ea000 	C:\Users\porwa\.trae\extensions\redhat.java-1.44.0-win32-x64\jre\21.0.8-win32-x86_64\bin\management.dll
0x00007fface260000 - 0x00007fface26b000 	C:\Users\porwa\.trae\extensions\redhat.java-1.44.0-win32-x64\jre\21.0.8-win32-x86_64\bin\management_ext.dll
0x00007ffae29b0000 - 0x00007ffae29b8000 	C:\WINDOWS\System32\PSAPI.DLL
0x00007ffae1370000 - 0x00007ffae138b000 	C:\WINDOWS\SYSTEM32\CRYPTSP.dll
0x00007ffae0a80000 - 0x00007ffae0abb000 	C:\WINDOWS\system32\rsaenh.dll
0x00007ffae1150000 - 0x00007ffae117b000 	C:\WINDOWS\SYSTEM32\USERENV.dll
0x00007ffae1c60000 - 0x00007ffae1c86000 	C:\WINDOWS\SYSTEM32\bcrypt.dll
0x00007ffae1390000 - 0x00007ffae139c000 	C:\WINDOWS\SYSTEM32\CRYPTBASE.dll
0x00007ffae0510000 - 0x00007ffae0544000 	C:\WINDOWS\SYSTEM32\IPHLPAPI.DLL
0x00007ffae49d0000 - 0x00007ffae49da000 	C:\WINDOWS\System32\NSI.dll
0x00007ffa99820000 - 0x00007ffa99869000 	C:\Users\porwa\AppData\Local\Temp\jna-106854493\jna954538832553989619.dll
0x00007ffad8a50000 - 0x00007ffad8a6e000 	C:\WINDOWS\SYSTEM32\dhcpcsvc6.DLL
0x00007ffad8980000 - 0x00007ffad89a3000 	C:\WINDOWS\SYSTEM32\dhcpcsvc.DLL
0x00007fface250000 - 0x00007fface25e000 	C:\Users\porwa\.trae\extensions\redhat.java-1.44.0-win32-x64\jre\21.0.8-win32-x86_64\bin\sunmscapi.dll
0x00007ffae1d70000 - 0x00007ffae1ee7000 	C:\WINDOWS\System32\CRYPT32.dll
0x00007ffae1590000 - 0x00007ffae15c0000 	C:\WINDOWS\SYSTEM32\ncrypt.dll
0x00007ffae1540000 - 0x00007ffae157f000 	C:\WINDOWS\SYSTEM32\NTASN1.dll
0x00007ffae05a0000 - 0x00007ffae06c6000 	C:\WINDOWS\SYSTEM32\DNSAPI.dll
0x00007ffad7490000 - 0x00007ffad749b000 	C:\Windows\System32\rasadhlp.dll
0x00007ffad9530000 - 0x00007ffad95b6000 	C:\WINDOWS\System32\fwpuclnt.dll
0x00007fface240000 - 0x00007fface249000 	C:\Users\porwa\.trae\extensions\redhat.java-1.44.0-win32-x64\jre\21.0.8-win32-x86_64\bin\extnet.dll

JVMTI agents:
c:\Users\porwa\.trae\extensions\redhat.java-1.44.0-win32-x64\lombok\lombok-1.18.39-4050.jar path:c:\Users\porwa\.trae\extensions\redhat.java-1.44.0-win32-x64\jre\21.0.8-win32-x86_64\bin\instrument.dll, loaded, initialized, instrumentlib options:none

dbghelp: loaded successfully - version: 4.0.5 - missing functions: none
symbol engine: initialized successfully - sym options: 0x614 - pdb path: .;c:\Users\porwa\.trae\extensions\redhat.java-1.44.0-win32-x64\jre\21.0.8-win32-x86_64\bin;C:\WINDOWS\SYSTEM32;C:\WINDOWS\WinSxS\amd64_microsoft.windows.common-controls_6595b64144ccf1df_6.0.26100.5074_none_3e0d6f78e32fd63f;c:\Users\porwa\.trae\extensions\redhat.java-1.44.0-win32-x64\jre\21.0.8-win32-x86_64\bin\server;C:\Users\porwa\AppData\Roaming\Trae\User\globalStorage\redhat.java\1.44.0\config_win\org.eclipse.equinox.launcher\org.eclipse.equinox.launcher.win32.win32.x86_64_1.2.1400.v20250730-1736;C:\Users\porwa\AppData\Local\Temp\jna-106854493

VM Arguments:
jvm_args: --add-modules=ALL-SYSTEM --add-opens=java.base/java.util=ALL-UNNAMED --add-opens=java.base/java.lang=ALL-UNNAMED --add-opens=java.base/sun.nio.fs=ALL-UNNAMED -Declipse.application=org.eclipse.jdt.ls.core.id1 -Dosgi.bundles.defaultStartLevel=4 -Declipse.product=org.eclipse.jdt.ls.core.product -Djava.import.generatesMetadataFilesAtProjectRoot=false -DDetectVMInstallationsJob.disabled=true -Dfile.encoding=utf8 -XX:+UseParallelGC -XX:GCTimeRatio=4 -XX:AdaptiveSizePolicyWeight=90 -Dsun.zip.disableMemoryMapping=true -Xmx2G -Xms100m -Xlog:disable -javaagent:c:\Users\porwa\.trae\extensions\redhat.java-1.44.0-win32-x64\lombok\lombok-1.18.39-4050.jar -XX:+HeapDumpOnOutOfMemoryError -XX:HeapDumpPath=c:\Users\porwa\AppData\Roaming\Trae\User\workspaceStorage\ee174103a5fc5f85625237d716dd6659\redhat.java -Daether.dependencyCollector.impl=bf 
java_command: c:\Users\porwa\.trae\extensions\redhat.java-1.44.0-win32-x64\server\plugins\org.eclipse.equinox.launcher_1.7.0.v20250519-0528.jar -configuration c:\Users\porwa\AppData\Roaming\Trae\User\globalStorage\redhat.java\1.44.0\config_win -data c:\Users\porwa\AppData\Roaming\Trae\User\workspaceStorage\ee174103a5fc5f85625237d716dd6659\redhat.java\jdt_ws --pipe=\\.\pipe\lsp-da04a28564ef96e73f28de2bed7f68fc-sock
java_class_path (initial): c:\Users\porwa\.trae\extensions\redhat.java-1.44.0-win32-x64\server\plugins\org.eclipse.equinox.launcher_1.7.0.v20250519-0528.jar
Launcher Type: SUN_STANDARD

[Global flags]
    uintx AdaptiveSizePolicyWeight                 = 90                                        {product} {command line}
     intx CICompilerCount                          = 4                                         {product} {ergonomic}
    uintx GCTimeRatio                              = 4                                         {product} {command line}
     bool HeapDumpOnOutOfMemoryError               = true                                   {manageable} {command line}
    ccstr HeapDumpPath                             = c:\Users\porwa\AppData\Roaming\Trae\User\workspaceStorage\ee174103a5fc5f85625237d716dd6659\redhat.java         {manageable} {command line}
   size_t InitialHeapSize                          = 104857600                                 {product} {command line}
   size_t MaxHeapSize                              = 2147483648                                {product} {command line}
   size_t MaxNewSize                               = 715653120                                 {product} {ergonomic}
   size_t MinHeapDeltaBytes                        = 524288                                    {product} {ergonomic}
   size_t MinHeapSize                              = 104857600                                 {product} {command line}
   size_t NewSize                                  = 34603008                                  {product} {ergonomic}
    uintx NonNMethodCodeHeapSize                   = 5839372                                {pd product} {ergonomic}
    uintx NonProfiledCodeHeapSize                  = 122909434                              {pd product} {ergonomic}
   size_t OldSize                                  = 70254592                                  {product} {ergonomic}
    uintx ProfiledCodeHeapSize                     = 122909434                              {pd product} {ergonomic}
    uintx ReservedCodeCacheSize                    = 251658240                              {pd product} {ergonomic}
     bool SegmentedCodeCache                       = true                                      {product} {ergonomic}
   size_t SoftMaxHeapSize                          = 2147483648                             {manageable} {ergonomic}
     bool UseCompressedOops                        = true                           {product lp64_product} {ergonomic}
     bool UseLargePagesIndividualAllocation        = false                                  {pd product} {ergonomic}
     bool UseParallelGC                            = true                                      {product} {command line}

Logging:
Log output configuration:
 #0: stdout all=off uptime,level,tags foldmultilines=false
 #1: stderr all=off uptime,level,tags foldmultilines=false

Environment Variables:
CLASSPATH=C:\Program Files (x86)\MySQL\MySQL Connector NET 9.4;
PATH=D:\oracle\product\10.2.0\db_2\bin;D:\oracle\product\10.2.0\db_1\bin;C:\Program Files\Common Files\Oracle\Java\javapath;C:\WINDOWS\system32;C:\WINDOWS;C:\WINDOWS\System32\Wbem;C:\WINDOWS\System32\WindowsPowerShell\v1.0\;C:\WINDOWS\System32\OpenSSH\;C:\Program Files\dotnet\;C:\ProgramData\chocolatey\bin;C:\Program Files\nodejs\;C:\Program Files\Docker\Docker\resources\bin;C:\Program Files\Git\cmd;C:\Users\porwa\AppData\Local\Microsoft\WindowsApps;C:\Users\porwa\AppData\Local\Programs\Microsoft VS Code\bin;C:\Users\porwa\AppData\Local\Microsoft\WinGet\Packages\Schniz.fnm_Microsoft.Winget.Source_8wekyb3d8bbwe;C:\Users\porwa\AppData\Roaming\npm;C:\Users\porwa\AppData\Local\Programs\cursor\resources\app\bin;C:\Users\porwa\AppData\Local\Programs\Windsurf\bin;C:\Program Files\heroku\bin;d:\Trae\resources\app\bin\lib
USERNAME=porwa
OS=Windows_NT
PROCESSOR_IDENTIFIER=Intel64 Family 6 Model 154 Stepping 4, GenuineIntel
TMP=C:\Users\porwa\AppData\Local\Temp
TEMP=C:\Users\porwa\AppData\Local\Temp




Periodic native trim disabled

---------------  S Y S T E M  ---------------

OS:
 Windows 11 , 64 bit Build 26100 (10.0.26100.5074)
OS uptime: 0 days 1:42 hours
Hyper-V role detected

CPU: total 12 (initial active 12) (6 cores per cpu, 2 threads per core) family 6 model 154 stepping 4 microcode 0x41b, cx8, cmov, fxsr, ht, mmx, 3dnowpref, sse, sse2, sse3, ssse3, sse4.1, sse4.2, popcnt, lzcnt, tsc, tscinvbit, avx, avx2, aes, erms, clmul, bmi1, bmi2, adx, sha, fma, vzeroupper, clflush, clflushopt, clwb, hv, serialize, rdtscp, rdpid, fsrm, f16c, cet_ibt, cet_ss
Processor Information for processor 0
  Max Mhz: 1300, Current Mhz: 1300, Mhz Limit: 1300
Processor Information for processor 1
  Max Mhz: 1300, Current Mhz: 1300, Mhz Limit: 1300
Processor Information for processor 2
  Max Mhz: 1300, Current Mhz: 1300, Mhz Limit: 1300
Processor Information for processor 3
  Max Mhz: 1300, Current Mhz: 1300, Mhz Limit: 1300
Processor Information for processor 4
  Max Mhz: 1300, Current Mhz: 900, Mhz Limit: 897
Processor Information for processor 5
  Max Mhz: 1300, Current Mhz: 900, Mhz Limit: 897
Processor Information for processor 6
  Max Mhz: 1300, Current Mhz: 900, Mhz Limit: 897
Processor Information for processor 7
  Max Mhz: 1300, Current Mhz: 900, Mhz Limit: 897
Processor Information for processor 8
  Max Mhz: 1300, Current Mhz: 900, Mhz Limit: 897
Processor Information for processor 9
  Max Mhz: 1300, Current Mhz: 900, Mhz Limit: 897
Processor Information for processor 10
  Max Mhz: 1300, Current Mhz: 900, Mhz Limit: 897
Processor Information for processor 11
  Max Mhz: 1300, Current Mhz: 900, Mhz Limit: 897

Memory: 4k page, system-wide physical 16128M (1849M free)
TotalPageFile size 22890M (AvailPageFile size 7M)
current process WorkingSet (physical memory assigned to process): 567M, peak: 571M
current process commit charge ("private bytes"): 565M, peak: 1707M

vm_info: OpenJDK 64-Bit Server VM (21.0.8+9-LTS) for windows-amd64 JRE (21.0.8+9-LTS), built on 2025-07-15T00:00:00Z by "admin" with MS VC++ 17.7 (VS2022)

END.
